[ns_server:error,2019-03-13T10:24:52.750Z,ns_1@127.0.0.1:query_stats_collector<0.397.0>:rest_utils:get_json_local:63]Request to (n1ql) /admin/stats failed: {error,
                                        {econnrefused,
                                         [{lhttpc_client,send_request,1,
                                           [{file,
                                             "/home/couchbase/jenkins/workspace/couchbase-server-unix/couchdb/src/lhttpc/lhttpc_client.erl"},
                                            {line,220}]},
                                          {lhttpc_client,execute,9,
                                           [{file,
                                             "/home/couchbase/jenkins/workspace/couchbase-server-unix/couchdb/src/lhttpc/lhttpc_client.erl"},
                                            {line,169}]},
                                          {lhttpc_client,request,9,
                                           [{file,
                                             "/home/couchbase/jenkins/workspace/couchbase-server-unix/couchdb/src/lhttpc/lhttpc_client.erl"},
                                            {line,92}]}]}}
[ns_server:error,2019-03-13T10:24:53.750Z,ns_1@127.0.0.1:query_stats_collector<0.397.0>:rest_utils:get_json_local:63]Request to (n1ql) /admin/stats failed: {error,
                                        {econnrefused,
                                         [{lhttpc_client,send_request,1,
                                           [{file,
                                             "/home/couchbase/jenkins/workspace/couchbase-server-unix/couchdb/src/lhttpc/lhttpc_client.erl"},
                                            {line,220}]},
                                          {lhttpc_client,execute,9,
                                           [{file,
                                             "/home/couchbase/jenkins/workspace/couchbase-server-unix/couchdb/src/lhttpc/lhttpc_client.erl"},
                                            {line,169}]},
                                          {lhttpc_client,request,9,
                                           [{file,
                                             "/home/couchbase/jenkins/workspace/couchbase-server-unix/couchdb/src/lhttpc/lhttpc_client.erl"},
                                            {line,92}]}]}}
[stats:error,2019-03-13T10:24:55.423Z,ns_1@127.0.0.1:<0.349.0>:stats_reader:log_bad_responses:233]Some nodes didn't respond: ['ns_1@127.0.0.1']
