2019-03-13T10:24:51.616Z INFO GOXDCR.ReplMgr: GOMAXPROCS=4
2019-03-13T10:24:51.663Z INFO GOXDCR.AuditSvc: Created audit service.
2019-03-13T10:24:51.664Z INFO GOXDCR.UILogSvc: Created ui log service.
2019-03-13T10:24:51.668Z INFO GOXDCR.ReplSpecSvc: Cache has been initialized for ReplicationSpecService
2019-03-13T10:24:51.675Z INFO GOXDCR.IntSettSvc: Internal settings not found. Using default values
2019-03-13T10:24:51.676Z INFO GOXDCR.ReplMgr: pollEOF: About to start stdin polling
2019-03-13T10:24:51.680Z INFO GOXDCR.ReplMgr: XDCR internal settings: map[XmemBackoffWaitTime:10 CapiReadTimeout:60 TimeoutDcpCloseUprFeed:3 XmemMaxBatchSize:50 MaxCheckpointRecordsToRead:5 CapiWriteTimeout:10 XmemReadTimeout:120 XmemMaxDataChanSize:10485760 TimeoutRuntimeContextStart:30 AuditWriteTimeout:1 RetryIntervalMetakv:500 RefreshRemoteClusterRefInterval:15 XmemBackoffTimeNewConn:1000 XmemDefaultRespTimeout:1000 TimeoutCheckpointBeforeStop:180 UprFeedBufferSize:1048576 MaxTopologyStableCountBeforeRestart:30 CapiBatchTimeout:180 CapiDataChanSizeMultiplier:1 AuditReadTimeout:1 MaxRetryCapiService:5 TimeoutDcpCloseUprStreams:3 RetryIntervalTargetStats:1000 XmemMaxRetryInterval:300 MaxWorkersForCheckpointing:5 BypassSanInCertificateCheck:0 NumberOfSlotsForBandwidthThrottling:10 XmemSelfMonitorInterval:6 TimeoutPartsStart:30 PercentageOfBytesToSendAsMin:30 XmemMaxRetryNewConn:10 XmemMaxReadDownTime:60 MaxRetryTargetStats:6 ThresholdPercentageForEventChanSizeLogging:90 MaxCheckpointRecordsToKeep:5 MaxRetryForLiveUpdatePipeline:5 KeepAlivePeriod:30 ReplSpecCheckInterval:15 StatsLogInterval:30 UprFeedDataChanLength:20000 MaxNumOfMetakvRetries:4 MaxTopologyChangeCountBeforeRestart:30 ShortHttpTimeout:20 TimeoutRuntimeContextStop:5 TimeoutPartsStop:10 MaxNumberOfAsyncListeners:4 DefaultHttpTimeout:180 MaxLengthSnapshotHistory:200 WaitTimeForLiveUpdatePipeline:2000 CapiRetryInterval:500 WaitTimeBetweenMetadataChangeListeners:1000 XmemMaxIdleCount:60 HELOTimeout:120 MemStatsLogInterval:120 ThresholdForThroughSeqnoComputation:100 XmemMaxRetry:5 CapiMaxRetryBatchUpdateDocs:6 ReplicationSpecGCCnt:4 XmemWriteTimeout:120 TopologyChangeCheckInterval:10]
2019-03-13T10:24:51.681Z INFO GOXDCR.GenericSupervisor: Adding child PipelineMasterSupervisor to supervisor ReplicationManagerSupervisor
2019-03-13T10:24:51.681Z INFO GOXDCR.PipelineMgr: Pipeline Manager is constucted
2019-03-13T10:24:51.681Z INFO GOXDCR.ReplMgr: Replication manager is initialized
2019-03-13T10:24:51.681Z INFO GOXDCR.GenericSupervisor: Starting supervisor PipelineMasterSupervisor.
2019-03-13T10:24:51.681Z INFO GOXDCR.GenericSupervisor: Started supervisor PipelineMasterSupervisor.
2019-03-13T10:24:51.681Z INFO GOXDCR.ReplMgr: Master supervisor has started
2019-03-13T10:24:51.681Z INFO GOXDCR.GenericSupervisor: Starting supervisor ReplicationManagerSupervisor.
2019-03-13T10:24:51.681Z INFO GOXDCR.GenericSupervisor: Started supervisor ReplicationManagerSupervisor.
2019-03-13T10:24:51.681Z INFO GOXDCR.ReplMgr: initReplications succeeded
2019-03-13T10:24:51.681Z INFO GOXDCR.ReplMgr: upgradeRemoteClusterRefs started.
2019-03-13T10:24:51.681Z INFO GOXDCR.ReplMgr: upgradeRemoteClusterRefs exited
2019-03-13T10:24:51.681Z INFO GOXDCR.GlobalSettingChangeListener: Started MetakvChangeListener GlobalSettingChangeListener
2019-03-13T10:24:51.682Z INFO GOXDCR.ReplMgr: checkReplicationStatus started.
2019-03-13T10:24:51.682Z INFO GOXDCR.ReplMgr: logMemStats started.
2019-03-13T10:24:52.683Z INFO GOXDCR.InternalSettingChangeListener: Started MetakvChangeListener InternalSettingsChangeListener
2019-03-13T10:24:53.684Z INFO GOXDCR.RemoteClusterChangeListener: Started MetakvChangeListener RemoteClusterChangeListener
2019-03-13T10:24:54.685Z INFO GOXDCR.ReplicationSpecChangeListener: Started MetakvChangeListener ReplicationSpecChangeListener
2019-03-13T10:24:55.686Z INFO GOXDCR.AdminPort: Constructed adminport
2019-03-13T10:24:55.686Z INFO GOXDCR.ReplMgr: Admin port has been launched
2019-03-13T10:24:55.686Z INFO GOXDCR.GenericSupervisor: Adding child AdminportSupervisor to supervisor ReplicationManagerSupervisor
2019-03-13T10:24:55.686Z INFO GOXDCR.ReplMgr: ReplicationManager is running
2019-03-13T10:24:55.686Z INFO GOXDCR.HttpServer: [xdcr:127.0.0.1:9998] new http server xdcr 127.0.0.1:9998 /
2019-03-13T10:24:55.686Z INFO GOXDCR.AdminPort: http server started 127.0.0.1:9998 !
2019-03-13T10:24:55.687Z INFO GOXDCR.HttpServer: [xdcr:127.0.0.1:9998] starting ...
2019-03-13T10:26:51.541Z INFO GOXDCR.ReplMgr: Mem stats = {"Alloc":1752192,"TotalAlloc":1752192,"Sys":7211256,"Lookups":18,"Mallocs":21676,"Frees":1036,"HeapAlloc":1752192,"HeapSys":3473408,"HeapIdle":942080,"HeapInuse":2531328,"HeapReleased":0,"HeapObjects":20640,"StackInuse":720896,"StackSys":720896,"MSpanInuse":45144,"MSpanSys":49152,"MCacheInuse":4800,"MCacheSys":16384,"BuckHashSys":1443285,"GCSys":202752,"OtherSys":1305379,"NextGC":4473924,"LastGC":0,"PauseTotalNs":0,"PauseNs":[0,0,0,0,0,0,0,0,0,0,0,0,0,0,0,0,0,0,0,0,0,0,0,0,0,0,0,0,0,0,0,0,0,0,0,0,0,0,0,0,0,0,0,0,0,0,0,0,0,0,0,0,0,0,0,0,0,0,0,0,0,0,0,0,0,0,0,0,0,0,0,0,0,0,0,0,0,0,0,0,0,0,0,0,0,0,0,0,0,0,0,0,0,0,0,0,0,0,0,0,0,0,0,0,0,0,0,0,0,0,0,0,0,0,0,0,0,0,0,0,0,0,0,0,0,0,0,0,0,0,0,0,0,0,0,0,0,0,0,0,0,0,0,0,0,0,0,0,0,0,0,0,0,0,0,0,0,0,0,0,0,0,0,0,0,0,0,0,0,0,0,0,0,0,0,0,0,0,0,0,0,0,0,0,0,0,0,0,0,0,0,0,0,0,0,0,0,0,0,0,0,0,0,0,0,0,0,0,0,0,0,0,0,0,0,0,0,0,0,0,0,0,0,0,0,0,0,0,0,0,0,0,0,0,0,0,0,0,0,0,0,0,0,0,0,0,0,0,0,0,0,0,0,0,0,0],"PauseEnd":[0,0,0,0,0,0,0,0,0,0,0,0,0,0,0,0,0,0,0,0,0,0,0,0,0,0,0,0,0,0,0,0,0,0,0,0,0,0,0,0,0,0,0,0,0,0,0,0,0,0,0,0,0,0,0,0,0,0,0,0,0,0,0,0,0,0,0,0,0,0,0,0,0,0,0,0,0,0,0,0,0,0,0,0,0,0,0,0,0,0,0,0,0,0,0,0,0,0,0,0,0,0,0,0,0,0,0,0,0,0,0,0,0,0,0,0,0,0,0,0,0,0,0,0,0,0,0,0,0,0,0,0,0,0,0,0,0,0,0,0,0,0,0,0,0,0,0,0,0,0,0,0,0,0,0,0,0,0,0,0,0,0,0,0,0,0,0,0,0,0,0,0,0,0,0,0,0,0,0,0,0,0,0,0,0,0,0,0,0,0,0,0,0,0,0,0,0,0,0,0,0,0,0,0,0,0,0,0,0,0,0,0,0,0,0,0,0,0,0,0,0,0,0,0,0,0,0,0,0,0,0,0,0,0,0,0,0,0,0,0,0,0,0,0,0,0,0,0,0,0,0,0,0,0,0,0],"NumGC":0,"NumForcedGC":0,"GCCPUFraction":0,"EnableGC":true,"DebugGC":false,"BySize":[{"Size":0,"Mallocs":0,"Frees":0},{"Size":8,"Mallocs":244,"Frees":0},{"Size":16,"Mallocs":5066,"Frees":0},{"Size":32,"Mallocs":5972,"Frees":0},{"Size":48,"Mallocs":4006,"Frees":0},{"Size":64,"Mallocs":1129,"Frees":0},{"Size":80,"Mallocs":588,"Frees":0},{"Size":96,"Mallocs":789,"Frees":0},{"Size":112,"Mallocs":724,"Frees":0},{"Size":128,"Mallocs":270,"Frees":0},{"Size":144,"Mallocs":70,"Frees":0},{"Size":160,"Mallocs":75,"Frees":0},{"Size":176,"Mallocs":118,"Frees":0},{"Size":192,"Mallocs":10,"Frees":0},{"Size":208,"Mallocs":132,"Frees":0},{"Size":224,"Mallocs":190,"Frees":0},{"Size":240,"Mallocs":2,"Frees":0},{"Size":256,"Mallocs":232,"Frees":0},{"Size":288,"Mallocs":50,"Frees":0},{"Size":320,"Mallocs":22,"Frees":0},{"Size":352,"Mallocs":617,"Frees":0},{"Size":384,"Mallocs":4,"Frees":0},{"Size":416,"Mallocs":87,"Frees":0},{"Size":448,"Mallocs":9,"Frees":0},{"Size":480,"Mallocs":4,"Frees":0},{"Size":512,"Mallocs":14,"Frees":0},{"Size":576,"Mallocs":17,"Frees":0},{"Size":640,"Mallocs":25,"Frees":0},{"Size":704,"Mallocs":27,"Frees":0},{"Size":768,"Mallocs":3,"Frees":0},{"Size":896,"Mallocs":12,"Frees":0},{"Size":1024,"Mallocs":12,"Frees":0},{"Size":1152,"Mallocs":15,"Frees":0},{"Size":1280,"Mallocs":12,"Frees":0},{"Size":1408,"Mallocs":1,"Frees":0},{"Size":1536,"Mallocs":3,"Frees":0},{"Size":1792,"Mallocs":7,"Frees":0},{"Size":2048,"Mallocs":22,"Frees":0},{"Size":2304,"Mallocs":9,"Frees":0},{"Size":2688,"Mallocs":7,"Frees":0},{"Size":3072,"Mallocs":0,"Frees":0},{"Size":3200,"Mallocs":1,"Frees":0},{"Size":3456,"Mallocs":5,"Frees":0},{"Size":4096,"Mallocs":20,"Frees":0},{"Size":4864,"Mallocs":8,"Frees":0},{"Size":5376,"Mallocs":1,"Frees":0},{"Size":6144,"Mallocs":4,"Frees":0},{"Size":6528,"Mallocs":0,"Frees":0},{"Size":6784,"Mallocs":1,"Frees":0},{"Size":6912,"Mallocs":0,"Frees":0},{"Size":8192,"Mallocs":2,"Frees":0},{"Size":9472,"Mallocs":0,"Frees":0},{"Size":9728,"Mallocs":0,"Frees":0},{"Size":10240,"Mallocs":0,"Frees":0},{"Size":10880,"Mallocs":0,"Frees":0},{"Size":12288,"Mallocs":0,"Frees":0},{"Size":13568,"Mallocs":0,"Frees":0},{"Size":14336,"Mallocs":0,"Frees":0},{"Size":16384,"Mallocs":0,"Frees":0},{"Size":18432,"Mallocs":0,"Frees":0},{"Size":19072,"Mallocs":0,"Frees":0}]}
