[ns_server:info,2019-03-13T10:24:47.666Z,couchdb_ns_1@127.0.0.1:<0.41.0>:ns_couchdb:init_logging:125]Brought up ns_couchdb logging
[ns_server:debug,2019-03-13T10:24:47.681Z,couchdb_ns_1@127.0.0.1:<0.41.0>:dist_manager:configure_net_kernel:259]Set net_kernel vebosity to 10 -> 0
[ns_server:info,2019-03-13T10:24:47.686Z,couchdb_ns_1@127.0.0.1:<0.41.0>:ns_couchdb:start:51]CouchDB node 'couchdb_ns_1@127.0.0.1' was initialized for 'ns_1@127.0.0.1'. Cookie: '845da7a0aa91d91745d96ae381a82cf01f1d9b8049fb5a80eaf55aae93d29501'
[ns_server:debug,2019-03-13T10:24:47.711Z,couchdb_ns_1@127.0.0.1:menelaus_users_cache<0.103.0>:versioned_cache:init:44]Starting versioned cache menelaus_users_cache
[error_logger:info,2019-03-13T10:24:47.717Z,couchdb_ns_1@127.0.0.1:error_logger<0.6.0>:ale_error_logger_handler:do_log:203]
=========================INFO REPORT=========================
{net_kernel,{connect,normal,'ns_1@127.0.0.1'}}
[ns_server:debug,2019-03-13T10:24:47.718Z,couchdb_ns_1@127.0.0.1:menelaus_users_cache<0.103.0>:dist_manager:wait_for_node:248]Observed node 'ns_1@127.0.0.1' to come up
[error_logger:info,2019-03-13T10:24:47.718Z,couchdb_ns_1@127.0.0.1:error_logger<0.6.0>:ale_error_logger_handler:do_log:203]
=========================PROGRESS REPORT=========================
          supervisor: {local,ns_couchdb_sup}
             started: [{pid,<0.103.0>},
                       {name,menelaus_users_auth_cache},
                       {mfargs,{menelaus_users,start_auth_cache,[]}},
                       {restart_type,{permanent,5}},
                       {shutdown,1000},
                       {child_type,worker}]

[error_logger:info,2019-03-13T10:24:47.838Z,couchdb_ns_1@127.0.0.1:error_logger<0.6.0>:ale_error_logger_handler:do_log:203]
=========================PROGRESS REPORT=========================
          supervisor: {local,cb_couch_sup}
             started: [{pid,<0.107.0>},
                       {name,cb_auth_info},
                       {mfargs,{cb_auth_info,start_link,[]}},
                       {restart_type,permanent},
                       {shutdown,brutal_kill},
                       {child_type,worker}]

[error_logger:info,2019-03-13T10:24:47.877Z,couchdb_ns_1@127.0.0.1:error_logger<0.6.0>:ale_error_logger_handler:do_log:203]
=========================PROGRESS REPORT=========================
          supervisor: {local,sasl_safe_sup}
             started: [{pid,<0.113.0>},
                       {name,alarm_handler},
                       {mfargs,{alarm_handler,start_link,[]}},
                       {restart_type,permanent},
                       {shutdown,2000},
                       {child_type,worker}]

[error_logger:info,2019-03-13T10:24:47.889Z,couchdb_ns_1@127.0.0.1:error_logger<0.6.0>:ale_error_logger_handler:do_log:203]
=========================PROGRESS REPORT=========================
          supervisor: {local,sasl_safe_sup}
             started: [{pid,<0.114.0>},
                       {name,overload},
                       {mfargs,{overload,start_link,[]}},
                       {restart_type,permanent},
                       {shutdown,2000},
                       {child_type,worker}]

[error_logger:info,2019-03-13T10:24:47.889Z,couchdb_ns_1@127.0.0.1:error_logger<0.6.0>:ale_error_logger_handler:do_log:203]
=========================PROGRESS REPORT=========================
          supervisor: {local,sasl_sup}
             started: [{pid,<0.112.0>},
                       {name,sasl_safe_sup},
                       {mfargs,
                           {supervisor,start_link,
                               [{local,sasl_safe_sup},sasl,safe]}},
                       {restart_type,permanent},
                       {shutdown,infinity},
                       {child_type,supervisor}]

[error_logger:info,2019-03-13T10:24:47.917Z,couchdb_ns_1@127.0.0.1:error_logger<0.6.0>:ale_error_logger_handler:do_log:203]
=========================PROGRESS REPORT=========================
          supervisor: {local,sasl_sup}
             started: [{pid,<0.115.0>},
                       {name,release_handler},
                       {mfargs,{release_handler,start_link,[]}},
                       {restart_type,permanent},
                       {shutdown,2000},
                       {child_type,worker}]

[error_logger:info,2019-03-13T10:24:47.917Z,couchdb_ns_1@127.0.0.1:error_logger<0.6.0>:ale_error_logger_handler:do_log:203]
=========================PROGRESS REPORT=========================
         application: sasl
          started_at: 'couchdb_ns_1@127.0.0.1'

[error_logger:info,2019-03-13T10:24:47.953Z,couchdb_ns_1@127.0.0.1:error_logger<0.6.0>:ale_error_logger_handler:do_log:203]
=========================PROGRESS REPORT=========================
          supervisor: {local,inets_sup}
             started: [{pid,<0.121.0>},
                       {name,ftp_sup},
                       {mfargs,{ftp_sup,start_link,[]}},
                       {restart_type,permanent},
                       {shutdown,infinity},
                       {child_type,supervisor}]

[error_logger:info,2019-03-13T10:24:48.041Z,couchdb_ns_1@127.0.0.1:error_logger<0.6.0>:ale_error_logger_handler:do_log:203]
=========================PROGRESS REPORT=========================
          supervisor: {local,httpc_profile_sup}
             started: [{pid,<0.124.0>},
                       {name,httpc_manager},
                       {mfargs,
                           {httpc_manager,start_link,
                               [default,only_session_cookies,inets]}},
                       {restart_type,permanent},
                       {shutdown,4000},
                       {child_type,worker}]

[error_logger:info,2019-03-13T10:24:48.041Z,couchdb_ns_1@127.0.0.1:error_logger<0.6.0>:ale_error_logger_handler:do_log:203]
=========================PROGRESS REPORT=========================
          supervisor: {local,httpc_sup}
             started: [{pid,<0.123.0>},
                       {name,httpc_profile_sup},
                       {mfargs,
                           {httpc_profile_sup,start_link,
                               [[{httpc,{default,only_session_cookies}}]]}},
                       {restart_type,permanent},
                       {shutdown,infinity},
                       {child_type,supervisor}]

[error_logger:info,2019-03-13T10:24:48.055Z,couchdb_ns_1@127.0.0.1:error_logger<0.6.0>:ale_error_logger_handler:do_log:203]
=========================PROGRESS REPORT=========================
          supervisor: {local,httpc_sup}
             started: [{pid,<0.125.0>},
                       {name,httpc_handler_sup},
                       {mfargs,{httpc_handler_sup,start_link,[]}},
                       {restart_type,permanent},
                       {shutdown,infinity},
                       {child_type,supervisor}]

[error_logger:info,2019-03-13T10:24:48.055Z,couchdb_ns_1@127.0.0.1:error_logger<0.6.0>:ale_error_logger_handler:do_log:203]
=========================PROGRESS REPORT=========================
          supervisor: {local,inets_sup}
             started: [{pid,<0.122.0>},
                       {name,httpc_sup},
                       {mfargs,
                           {httpc_sup,start_link,
                               [[{httpc,{default,only_session_cookies}}]]}},
                       {restart_type,permanent},
                       {shutdown,infinity},
                       {child_type,supervisor}]

[error_logger:info,2019-03-13T10:24:48.074Z,couchdb_ns_1@127.0.0.1:error_logger<0.6.0>:ale_error_logger_handler:do_log:203]
=========================PROGRESS REPORT=========================
          supervisor: {local,inets_sup}
             started: [{pid,<0.126.0>},
                       {name,httpd_sup},
                       {mfargs,{httpd_sup,start_link,[[]]}},
                       {restart_type,permanent},
                       {shutdown,infinity},
                       {child_type,supervisor}]

[error_logger:info,2019-03-13T10:24:48.094Z,couchdb_ns_1@127.0.0.1:error_logger<0.6.0>:ale_error_logger_handler:do_log:203]
=========================PROGRESS REPORT=========================
          supervisor: {local,inets_sup}
             started: [{pid,<0.127.0>},
                       {name,tftp_sup},
                       {mfargs,{tftp_sup,start_link,[[]]}},
                       {restart_type,permanent},
                       {shutdown,infinity},
                       {child_type,supervisor}]

[error_logger:info,2019-03-13T10:24:48.094Z,couchdb_ns_1@127.0.0.1:error_logger<0.6.0>:ale_error_logger_handler:do_log:203]
=========================PROGRESS REPORT=========================
         application: inets
          started_at: 'couchdb_ns_1@127.0.0.1'

[error_logger:info,2019-03-13T10:24:48.094Z,couchdb_ns_1@127.0.0.1:error_logger<0.6.0>:ale_error_logger_handler:do_log:203]
=========================PROGRESS REPORT=========================
         application: oauth
          started_at: 'couchdb_ns_1@127.0.0.1'

[error_logger:info,2019-03-13T10:24:48.127Z,couchdb_ns_1@127.0.0.1:error_logger<0.6.0>:ale_error_logger_handler:do_log:203]
=========================PROGRESS REPORT=========================
          supervisor: {local,lhttpc_sup}
             started: [{pid,<0.133.0>},
                       {name,lhttpc_manager},
                       {mfargs,
                           {lhttpc_manager,start_link,
                               [[{name,lhttpc_manager}]]}},
                       {restart_type,permanent},
                       {shutdown,10000},
                       {child_type,worker}]

[error_logger:info,2019-03-13T10:24:48.128Z,couchdb_ns_1@127.0.0.1:error_logger<0.6.0>:ale_error_logger_handler:do_log:203]
=========================PROGRESS REPORT=========================
         application: lhttpc
          started_at: 'couchdb_ns_1@127.0.0.1'

[error_logger:info,2019-03-13T10:24:48.141Z,couchdb_ns_1@127.0.0.1:error_logger<0.6.0>:ale_error_logger_handler:do_log:203]
=========================PROGRESS REPORT=========================
         application: xmerl
          started_at: 'couchdb_ns_1@127.0.0.1'

[error_logger:info,2019-03-13T10:24:48.166Z,couchdb_ns_1@127.0.0.1:error_logger<0.6.0>:ale_error_logger_handler:do_log:203]
=========================PROGRESS REPORT=========================
         application: compiler
          started_at: 'couchdb_ns_1@127.0.0.1'

[error_logger:info,2019-03-13T10:24:48.180Z,couchdb_ns_1@127.0.0.1:error_logger<0.6.0>:ale_error_logger_handler:do_log:203]
=========================PROGRESS REPORT=========================
         application: syntax_tools
          started_at: 'couchdb_ns_1@127.0.0.1'

[error_logger:info,2019-03-13T10:24:48.180Z,couchdb_ns_1@127.0.0.1:error_logger<0.6.0>:ale_error_logger_handler:do_log:203]
=========================PROGRESS REPORT=========================
         application: mochiweb
          started_at: 'couchdb_ns_1@127.0.0.1'

[error_logger:info,2019-03-13T10:24:48.208Z,couchdb_ns_1@127.0.0.1:error_logger<0.6.0>:ale_error_logger_handler:do_log:203]
=========================PROGRESS REPORT=========================
          supervisor: {local,os_mon_sup}
             started: [{pid,<0.142.0>},
                       {name,disksup},
                       {mfargs,{disksup,start_link,[]}},
                       {restart_type,permanent},
                       {shutdown,2000},
                       {child_type,worker}]

[error_logger:info,2019-03-13T10:24:48.225Z,couchdb_ns_1@127.0.0.1:error_logger<0.6.0>:ale_error_logger_handler:do_log:203]
=========================PROGRESS REPORT=========================
          supervisor: {local,os_mon_sup}
             started: [{pid,<0.143.0>},
                       {name,memsup},
                       {mfargs,{memsup,start_link,[]}},
                       {restart_type,permanent},
                       {shutdown,2000},
                       {child_type,worker}]

[error_logger:info,2019-03-13T10:24:48.244Z,couchdb_ns_1@127.0.0.1:error_logger<0.6.0>:ale_error_logger_handler:do_log:203]
=========================PROGRESS REPORT=========================
          supervisor: {local,os_mon_sup}
             started: [{pid,<0.145.0>},
                       {name,cpu_sup},
                       {mfargs,{cpu_sup,start_link,[]}},
                       {restart_type,permanent},
                       {shutdown,2000},
                       {child_type,worker}]

[error_logger:info,2019-03-13T10:24:48.245Z,couchdb_ns_1@127.0.0.1:error_logger<0.6.0>:ale_error_logger_handler:do_log:203]
=========================PROGRESS REPORT=========================
         application: os_mon
          started_at: 'couchdb_ns_1@127.0.0.1'

[error_logger:info,2019-03-13T10:24:48.268Z,couchdb_ns_1@127.0.0.1:error_logger<0.6.0>:ale_error_logger_handler:do_log:203]
=========================PROGRESS REPORT=========================
         application: couch_view_parser
          started_at: 'couchdb_ns_1@127.0.0.1'

[error_logger:info,2019-03-13T10:24:48.287Z,couchdb_ns_1@127.0.0.1:error_logger<0.6.0>:ale_error_logger_handler:do_log:203]
=========================PROGRESS REPORT=========================
         application: couch_set_view
          started_at: 'couchdb_ns_1@127.0.0.1'

[error_logger:info,2019-03-13T10:24:48.354Z,couchdb_ns_1@127.0.0.1:error_logger<0.6.0>:ale_error_logger_handler:do_log:203]
=========================PROGRESS REPORT=========================
          supervisor: {local,couch_index_sup}
             started: [{pid,<0.154.0>},
                       {name,couch_query_logger},
                       {mfargs,{couch_query_logger,start_link,[]}},
                       {restart_type,permanent},
                       {shutdown,1000},
                       {child_type,worker}]

[error_logger:info,2019-03-13T10:24:48.354Z,couchdb_ns_1@127.0.0.1:error_logger<0.6.0>:ale_error_logger_handler:do_log:203]
=========================PROGRESS REPORT=========================
         application: couch_index_merger
          started_at: 'couchdb_ns_1@127.0.0.1'

[error_logger:info,2019-03-13T10:24:48.365Z,couchdb_ns_1@127.0.0.1:error_logger<0.6.0>:ale_error_logger_handler:do_log:203]
=========================PROGRESS REPORT=========================
         application: mapreduce
          started_at: 'couchdb_ns_1@127.0.0.1'

[error_logger:info,2019-03-13T10:24:48.481Z,couchdb_ns_1@127.0.0.1:error_logger<0.6.0>:ale_error_logger_handler:do_log:203]
=========================PROGRESS REPORT=========================
          supervisor: {local,couch_server_sup}
             started: [{pid,<0.156.0>},
                       {name,couch_config},
                       {mfargs,
                           {couch_server_sup,couch_config_start_link_wrapper,
                               [["/opt/couchbase/etc/couchdb/default.ini",
                                 "/opt/couchbase/etc/couchdb/default.d/capi.ini",
                                 "/opt/couchbase/etc/couchdb/default.d/geocouch.ini",
                                 "/opt/couchbase/etc/couchdb/local.ini"],
                                <0.156.0>]}},
                       {restart_type,permanent},
                       {shutdown,brutal_kill},
                       {child_type,worker}]

[error_logger:info,2019-03-13T10:24:48.504Z,couchdb_ns_1@127.0.0.1:error_logger<0.6.0>:ale_error_logger_handler:do_log:203]
=========================PROGRESS REPORT=========================
          supervisor: {local,couch_primary_services}
             started: [{pid,<0.159.0>},
                       {name,couch_task_events},
                       {mfargs,
                           {gen_event,start_link,[{local,couch_task_events}]}},
                       {restart_type,permanent},
                       {shutdown,brutal_kill},
                       {child_type,worker}]

[error_logger:info,2019-03-13T10:24:48.513Z,couchdb_ns_1@127.0.0.1:error_logger<0.6.0>:ale_error_logger_handler:do_log:203]
=========================PROGRESS REPORT=========================
          supervisor: {local,couch_primary_services}
             started: [{pid,<0.160.0>},
                       {name,couch_task_status},
                       {mfargs,{couch_task_status,start_link,[]}},
                       {restart_type,permanent},
                       {shutdown,brutal_kill},
                       {child_type,worker}]

[error_logger:info,2019-03-13T10:24:48.532Z,couchdb_ns_1@127.0.0.1:error_logger<0.6.0>:ale_error_logger_handler:do_log:203]
=========================PROGRESS REPORT=========================
          supervisor: {local,couch_primary_services}
             started: [{pid,<0.161.0>},
                       {name,couch_file_write_guard},
                       {mfargs,{couch_file_write_guard,sup_start_link,[]}},
                       {restart_type,permanent},
                       {shutdown,10000},
                       {child_type,worker}]

[error_logger:info,2019-03-13T10:24:48.578Z,couchdb_ns_1@127.0.0.1:error_logger<0.6.0>:ale_error_logger_handler:do_log:203]
=========================PROGRESS REPORT=========================
          supervisor: {local,couch_primary_services}
             started: [{pid,<0.162.0>},
                       {name,couch_server},
                       {mfargs,{couch_server,sup_start_link,[]}},
                       {restart_type,permanent},
                       {shutdown,brutal_kill},
                       {child_type,worker}]

[error_logger:info,2019-03-13T10:24:48.578Z,couchdb_ns_1@127.0.0.1:error_logger<0.6.0>:ale_error_logger_handler:do_log:203]
=========================PROGRESS REPORT=========================
          supervisor: {local,couch_primary_services}
             started: [{pid,<0.163.0>},
                       {name,couch_db_update_event},
                       {mfargs,
                           {gen_event,start_link,[{local,couch_db_update}]}},
                       {restart_type,permanent},
                       {shutdown,brutal_kill},
                       {child_type,worker}]

[error_logger:info,2019-03-13T10:24:48.579Z,couchdb_ns_1@127.0.0.1:error_logger<0.6.0>:ale_error_logger_handler:do_log:203]
=========================PROGRESS REPORT=========================
          supervisor: {local,couch_primary_services}
             started: [{pid,<0.164.0>},
                       {name,couch_replication_event},
                       {mfargs,
                           {gen_event,start_link,[{local,couch_replication}]}},
                       {restart_type,permanent},
                       {shutdown,brutal_kill},
                       {child_type,worker}]

[error_logger:info,2019-03-13T10:24:48.607Z,couchdb_ns_1@127.0.0.1:error_logger<0.6.0>:ale_error_logger_handler:do_log:203]
=========================PROGRESS REPORT=========================
          supervisor: {local,couch_primary_services}
             started: [{pid,<0.165.0>},
                       {name,couch_replication_supervisor},
                       {mfargs,{couch_rep_sup,start_link,[]}},
                       {restart_type,permanent},
                       {shutdown,infinity},
                       {child_type,supervisor}]

[error_logger:info,2019-03-13T10:24:48.618Z,couchdb_ns_1@127.0.0.1:error_logger<0.6.0>:ale_error_logger_handler:do_log:203]
=========================PROGRESS REPORT=========================
          supervisor: {local,couch_primary_services}
             started: [{pid,<0.166.0>},
                       {name,couch_log},
                       {mfargs,{couch_log,start_link,[]}},
                       {restart_type,permanent},
                       {shutdown,brutal_kill},
                       {child_type,worker}]

[error_logger:info,2019-03-13T10:24:48.635Z,couchdb_ns_1@127.0.0.1:error_logger<0.6.0>:ale_error_logger_handler:do_log:203]
=========================PROGRESS REPORT=========================
          supervisor: {local,couch_primary_services}
             started: [{pid,<0.167.0>},
                       {name,couch_main_index_barrier},
                       {mfargs,
                           {couch_index_barrier,start_link,
                               [couch_main_index_barrier,
                                "max_parallel_indexers"]}},
                       {restart_type,permanent},
                       {shutdown,brutal_kill},
                       {child_type,worker}]

[error_logger:info,2019-03-13T10:24:48.636Z,couchdb_ns_1@127.0.0.1:error_logger<0.6.0>:ale_error_logger_handler:do_log:203]
=========================PROGRESS REPORT=========================
          supervisor: {local,couch_primary_services}
             started: [{pid,<0.168.0>},
                       {name,couch_replica_index_barrier},
                       {mfargs,
                           {couch_index_barrier,start_link,
                               [couch_replica_index_barrier,
                                "max_parallel_replica_indexers"]}},
                       {restart_type,permanent},
                       {shutdown,brutal_kill},
                       {child_type,worker}]

[error_logger:info,2019-03-13T10:24:48.637Z,couchdb_ns_1@127.0.0.1:error_logger<0.6.0>:ale_error_logger_handler:do_log:203]
=========================PROGRESS REPORT=========================
          supervisor: {local,couch_primary_services}
             started: [{pid,<0.169.0>},
                       {name,couch_spatial_index_barrier},
                       {mfargs,
                           {couch_index_barrier,start_link,
                               [couch_spatial_index_barrier,
                                "max_parallel_spatial_indexers"]}},
                       {restart_type,permanent},
                       {shutdown,brutal_kill},
                       {child_type,worker}]

[error_logger:info,2019-03-13T10:24:48.637Z,couchdb_ns_1@127.0.0.1:error_logger<0.6.0>:ale_error_logger_handler:do_log:203]
=========================PROGRESS REPORT=========================
          supervisor: {local,couch_server_sup}
             started: [{pid,<0.158.0>},
                       {name,couch_primary_services},
                       {mfargs,{couch_primary_sup,start_link,[]}},
                       {restart_type,permanent},
                       {shutdown,infinity},
                       {child_type,supervisor}]

[error_logger:info,2019-03-13T10:24:48.665Z,couchdb_ns_1@127.0.0.1:error_logger<0.6.0>:ale_error_logger_handler:do_log:203]
=========================PROGRESS REPORT=========================
          supervisor: {local,couch_secondary_services}
             started: [{pid,<0.171.0>},
                       {name,couch_db_update_notifier_sup},
                       {mfargs,{couch_db_update_notifier_sup,start_link,[]}},
                       {restart_type,permanent},
                       {shutdown,infinity},
                       {child_type,supervisor}]

[error_logger:info,2019-03-13T10:24:48.778Z,couchdb_ns_1@127.0.0.1:error_logger<0.6.0>:ale_error_logger_handler:do_log:203]
=========================PROGRESS REPORT=========================
          supervisor: {local,couch_secondary_services}
             started: [{pid,<0.172.0>},
                       {name,spatial_view_manager_dev},
                       {mfargs,{couch_set_view,start_link,[dev,spatial_view]}},
                       {restart_type,permanent},
                       {shutdown,brutal_kill},
                       {child_type,worker}]

[error_logger:info,2019-03-13T10:24:48.781Z,couchdb_ns_1@127.0.0.1:error_logger<0.6.0>:ale_error_logger_handler:do_log:203]
=========================PROGRESS REPORT=========================
          supervisor: {local,couch_secondary_services}
             started: [{pid,<0.175.0>},
                       {name,index_merger_pool},
                       {mfargs,
                           {lhttpc_manager,start_link,
                               [[{connection_timeout,90000},
                                 {pool_size,10000},
                                 {name,couch_index_merger_connection_pool}]]}},
                       {restart_type,permanent},
                       {shutdown,brutal_kill},
                       {child_type,worker}]

[error_logger:info,2019-03-13T10:24:48.814Z,couchdb_ns_1@127.0.0.1:error_logger<0.6.0>:ale_error_logger_handler:do_log:203]
=========================PROGRESS REPORT=========================
          supervisor: {local,couch_secondary_services}
             started: [{pid,<0.176.0>},
                       {name,query_servers},
                       {mfargs,{couch_query_servers,start_link,[]}},
                       {restart_type,permanent},
                       {shutdown,brutal_kill},
                       {child_type,worker}]

[error_logger:info,2019-03-13T10:24:48.821Z,couchdb_ns_1@127.0.0.1:error_logger<0.6.0>:ale_error_logger_handler:do_log:203]
=========================INFO REPORT=========================
       alarm_handler: {set,{{disk_almost_full,"/opt/couchbase/var"},[]}}

[error_logger:info,2019-03-13T10:24:48.822Z,couchdb_ns_1@127.0.0.1:error_logger<0.6.0>:ale_error_logger_handler:do_log:203]
=========================PROGRESS REPORT=========================
          supervisor: {local,kernel_safe_sup}
             started: [{pid,<0.178.0>},
                       {name,timer_server},
                       {mfargs,{timer,start_link,[]}},
                       {restart_type,permanent},
                       {shutdown,1000},
                       {child_type,worker}]

[error_logger:info,2019-03-13T10:24:48.830Z,couchdb_ns_1@127.0.0.1:error_logger<0.6.0>:ale_error_logger_handler:do_log:203]
=========================PROGRESS REPORT=========================
          supervisor: {local,couch_secondary_services}
             started: [{pid,<0.179.0>},
                       {name,couch_set_view_ddoc_cache},
                       {mfargs,{couch_set_view_ddoc_cache,start_link,[]}},
                       {restart_type,permanent},
                       {shutdown,brutal_kill},
                       {child_type,worker}]

[error_logger:info,2019-03-13T10:24:48.848Z,couchdb_ns_1@127.0.0.1:error_logger<0.6.0>:ale_error_logger_handler:do_log:203]
=========================INFO REPORT=========================
       alarm_handler: {set,{system_memory_high_watermark,[]}}

[error_logger:info,2019-03-13T10:24:48.849Z,couchdb_ns_1@127.0.0.1:error_logger<0.6.0>:ale_error_logger_handler:do_log:203]
=========================PROGRESS REPORT=========================
          supervisor: {local,couch_secondary_services}
             started: [{pid,<0.181.0>},
                       {name,view_manager},
                       {mfargs,{couch_view,start_link,[]}},
                       {restart_type,permanent},
                       {shutdown,brutal_kill},
                       {child_type,worker}]

[error_logger:info,2019-03-13T10:24:48.882Z,couchdb_ns_1@127.0.0.1:error_logger<0.6.0>:ale_error_logger_handler:do_log:203]
=========================PROGRESS REPORT=========================
          supervisor: {local,couch_secondary_services}
             started: [{pid,<0.183.0>},
                       {name,uuids},
                       {mfargs,{couch_uuids,start,[]}},
                       {restart_type,permanent},
                       {shutdown,brutal_kill},
                       {child_type,worker}]

[error_logger:info,2019-03-13T10:24:48.889Z,couchdb_ns_1@127.0.0.1:error_logger<0.6.0>:ale_error_logger_handler:do_log:203]
=========================PROGRESS REPORT=========================
          supervisor: {local,couch_secondary_services}
             started: [{pid,<0.185.0>},
                       {name,spatial_view_manager},
                       {mfargs,
                           {couch_set_view,start_link,[prod,spatial_view]}},
                       {restart_type,permanent},
                       {shutdown,brutal_kill},
                       {child_type,worker}]

[error_logger:info,2019-03-13T10:24:48.939Z,couchdb_ns_1@127.0.0.1:error_logger<0.6.0>:ale_error_logger_handler:do_log:203]
=========================PROGRESS REPORT=========================
          supervisor: {local,couch_secondary_services}
             started: [{pid,<0.187.0>},
                       {name,httpd},
                       {mfargs,{couch_httpd,start_link,[]}},
                       {restart_type,permanent},
                       {shutdown,brutal_kill},
                       {child_type,worker}]

[error_logger:info,2019-03-13T10:24:48.957Z,couchdb_ns_1@127.0.0.1:error_logger<0.6.0>:ale_error_logger_handler:do_log:203]
=========================PROGRESS REPORT=========================
          supervisor: {local,couch_secondary_services}
             started: [{pid,<0.204.0>},
                       {name,set_view_manager_dev},
                       {mfargs,
                           {couch_set_view,start_link,[dev,mapreduce_view]}},
                       {restart_type,permanent},
                       {shutdown,brutal_kill},
                       {child_type,worker}]

[error_logger:info,2019-03-13T10:24:48.966Z,couchdb_ns_1@127.0.0.1:error_logger<0.6.0>:ale_error_logger_handler:do_log:203]
=========================PROGRESS REPORT=========================
          supervisor: {local,couch_secondary_services}
             started: [{pid,<0.206.0>},
                       {name,set_view_manager},
                       {mfargs,
                           {couch_set_view,start_link,[prod,mapreduce_view]}},
                       {restart_type,permanent},
                       {shutdown,brutal_kill},
                       {child_type,worker}]

[error_logger:info,2019-03-13T10:24:48.966Z,couchdb_ns_1@127.0.0.1:error_logger<0.6.0>:ale_error_logger_handler:do_log:203]
=========================PROGRESS REPORT=========================
          supervisor: {local,couch_server_sup}
             started: [{pid,<0.170.0>},
                       {name,couch_secondary_services},
                       {mfargs,{couch_secondary_sup,start_link,[]}},
                       {restart_type,permanent},
                       {shutdown,infinity},
                       {child_type,supervisor}]

[error_logger:info,2019-03-13T10:24:48.969Z,couchdb_ns_1@127.0.0.1:error_logger<0.6.0>:ale_error_logger_handler:do_log:203]
=========================PROGRESS REPORT=========================
          supervisor: {local,cb_couch_sup}
             started: [{pid,<0.157.0>},
                       {name,couch_app},
                       {mfargs,
                           {couch_app,start,
                               [fake,
                                ["/opt/couchbase/etc/couchdb/default.ini",
                                 "/opt/couchbase/etc/couchdb/local.ini"]]}},
                       {restart_type,permanent},
                       {shutdown,infinity},
                       {child_type,supervisor}]

[error_logger:info,2019-03-13T10:24:48.970Z,couchdb_ns_1@127.0.0.1:error_logger<0.6.0>:ale_error_logger_handler:do_log:203]
=========================PROGRESS REPORT=========================
          supervisor: {local,ns_couchdb_sup}
             started: [{pid,<0.104.0>},
                       {name,cb_couch_sup},
                       {mfargs,{cb_couch_sup,start_link,[]}},
                       {restart_type,permanent},
                       {shutdown,5000},
                       {child_type,supervisor}]

[error_logger:info,2019-03-13T10:24:49.117Z,couchdb_ns_1@127.0.0.1:error_logger<0.6.0>:ale_error_logger_handler:do_log:203]
=========================PROGRESS REPORT=========================
          supervisor: {local,ns_couchdb_sup}
             started: [{pid,<0.209.0>},
                       {name,timeout_diag_logger},
                       {mfargs,{timeout_diag_logger,start_link,[]}},
                       {restart_type,permanent},
                       {shutdown,1000},
                       {child_type,worker}]

[error_logger:info,2019-03-13T10:24:49.129Z,couchdb_ns_1@127.0.0.1:error_logger<0.6.0>:ale_error_logger_handler:do_log:203]
=========================PROGRESS REPORT=========================
          supervisor: {local,ns_couchdb_sup}
             started: [{pid,<0.211.0>},
                       {name,ns_memcached_sockets_pool},
                       {mfargs,{ns_memcached_sockets_pool,start_link,[]}},
                       {restart_type,permanent},
                       {shutdown,1000},
                       {child_type,worker}]

[error_logger:info,2019-03-13T10:24:49.133Z,couchdb_ns_1@127.0.0.1:error_logger<0.6.0>:ale_error_logger_handler:do_log:203]
=========================PROGRESS REPORT=========================
          supervisor: {local,ns_couchdb_sup}
             started: [{pid,<0.212.0>},
                       {name,ns_couchdb_stats_collector},
                       {mfargs,{ns_couchdb_stats_collector,start_link,[]}},
                       {restart_type,permanent},
                       {shutdown,1000},
                       {child_type,worker}]

[error_logger:info,2019-03-13T10:24:49.144Z,couchdb_ns_1@127.0.0.1:error_logger<0.6.0>:ale_error_logger_handler:do_log:203]
=========================PROGRESS REPORT=========================
          supervisor: {local,ns_couchdb_config_sup}
             started: [{pid,<0.214.0>},
                       {name,ns_config_events},
                       {mfargs,
                           {gen_event,start_link,[{local,ns_config_events}]}},
                       {restart_type,permanent},
                       {shutdown,1000},
                       {child_type,worker}]

[error_logger:info,2019-03-13T10:24:49.145Z,couchdb_ns_1@127.0.0.1:error_logger<0.6.0>:ale_error_logger_handler:do_log:203]
=========================PROGRESS REPORT=========================
          supervisor: {local,ns_couchdb_config_sup}
             started: [{pid,<0.215.0>},
                       {name,ns_config_events_local},
                       {mfargs,
                           {gen_event,start_link,
                               [{local,ns_config_events_local}]}},
                       {restart_type,permanent},
                       {shutdown,brutal_kill},
                       {child_type,worker}]

[error_logger:info,2019-03-13T10:24:49.174Z,couchdb_ns_1@127.0.0.1:error_logger<0.6.0>:ale_error_logger_handler:do_log:203]
=========================PROGRESS REPORT=========================
          supervisor: {local,ns_couchdb_config_sup}
             started: [{pid,<0.216.0>},
                       {name,ns_config},
                       {mfargs,
                           {ns_config,start_link,
                               [{pull_from_node,'ns_1@127.0.0.1'}]}},
                       {restart_type,permanent},
                       {shutdown,1000},
                       {child_type,worker}]

[error_logger:info,2019-03-13T10:24:49.180Z,couchdb_ns_1@127.0.0.1:error_logger<0.6.0>:ale_error_logger_handler:do_log:203]
=========================PROGRESS REPORT=========================
          supervisor: {local,ns_couchdb_config_sup}
             started: [{pid,<0.217.0>},
                       {name,ns_couchdb_config_rep},
                       {mfargs,{ns_couchdb_config_rep,start_link,[]}},
                       {restart_type,permanent},
                       {shutdown,1000},
                       {child_type,worker}]

[error_logger:info,2019-03-13T10:24:49.185Z,couchdb_ns_1@127.0.0.1:error_logger<0.6.0>:ale_error_logger_handler:do_log:203]
=========================PROGRESS REPORT=========================
          supervisor: {local,ns_couchdb_config_sup}
             started: [{pid,<0.218.0>},
                       {name,cb_config_couch_sync},
                       {mfargs,{cb_config_couch_sync,start_link,[]}},
                       {restart_type,permanent},
                       {shutdown,1000},
                       {child_type,worker}]

[error_logger:info,2019-03-13T10:24:49.190Z,couchdb_ns_1@127.0.0.1:error_logger<0.6.0>:ale_error_logger_handler:do_log:203]
=========================PROGRESS REPORT=========================
          supervisor: {local,ns_couchdb_config_sup}
             started: [{pid,<0.220.0>},
                       {name,ns_config_log},
                       {mfargs,{ns_config_log,start_link,[]}},
                       {restart_type,permanent},
                       {shutdown,1000},
                       {child_type,worker}]

[error_logger:info,2019-03-13T10:24:49.191Z,couchdb_ns_1@127.0.0.1:error_logger<0.6.0>:ale_error_logger_handler:do_log:203]
=========================PROGRESS REPORT=========================
          supervisor: {local,ns_couchdb_sup}
             started: [{pid,<0.213.0>},
                       {name,ns_couchdb_config_sup},
                       {mfargs,{ns_couchdb_config_sup,start_link,[]}},
                       {restart_type,permanent},
                       {shutdown,infinity},
                       {child_type,supervisor}]

[ns_server:debug,2019-03-13T10:24:49.202Z,couchdb_ns_1@127.0.0.1:compiled_roles_cache<0.222.0>:versioned_cache:init:44]Starting versioned cache compiled_roles_cache
[error_logger:info,2019-03-13T10:24:49.202Z,couchdb_ns_1@127.0.0.1:error_logger<0.6.0>:ale_error_logger_handler:do_log:203]
=========================INFO REPORT=========================
{net_kernel,{connect,normal,'ns_1@127.0.0.1'}}
[ns_server:debug,2019-03-13T10:24:49.202Z,couchdb_ns_1@127.0.0.1:compiled_roles_cache<0.222.0>:dist_manager:wait_for_node:248]Observed node 'ns_1@127.0.0.1' to come up
[error_logger:info,2019-03-13T10:24:49.203Z,couchdb_ns_1@127.0.0.1:error_logger<0.6.0>:ale_error_logger_handler:do_log:203]
=========================PROGRESS REPORT=========================
          supervisor: {local,ns_couchdb_sup}
             started: [{pid,<0.222.0>},
                       {name,compiled_roles_cache},
                       {mfargs,{menelaus_roles,start_compiled_roles_cache,[]}},
                       {restart_type,{permanent,5}},
                       {shutdown,1000},
                       {child_type,worker}]

[error_logger:info,2019-03-13T10:24:49.208Z,couchdb_ns_1@127.0.0.1:error_logger<0.6.0>:ale_error_logger_handler:do_log:203]
=========================PROGRESS REPORT=========================
          supervisor: {local,ns_couchdb_sup}
             started: [{pid,<0.225.0>},
                       {name,request_throttler},
                       {mfargs,{request_throttler,start_link,[]}},
                       {restart_type,permanent},
                       {shutdown,1000},
                       {child_type,worker}]

[error_logger:info,2019-03-13T10:24:49.220Z,couchdb_ns_1@127.0.0.1:error_logger<0.6.0>:ale_error_logger_handler:do_log:203]
=========================PROGRESS REPORT=========================
          supervisor: {local,ns_couchdb_sup}
             started: [{pid,<0.226.0>},
                       {name,vbucket_map_mirror},
                       {mfargs,{vbucket_map_mirror,start_link,[]}},
                       {restart_type,permanent},
                       {shutdown,brutal_kill},
                       {child_type,worker}]

[ns_server:info,2019-03-13T10:24:49.233Z,couchdb_ns_1@127.0.0.1:set_view_update_daemon<0.228.0>:set_view_update_daemon:init:50]Set view update daemon, starting with the following settings:
  update interval:           5000ms
  minimum number of changes: 5000

[error_logger:info,2019-03-13T10:24:49.239Z,couchdb_ns_1@127.0.0.1:error_logger<0.6.0>:ale_error_logger_handler:do_log:203]
=========================PROGRESS REPORT=========================
          supervisor: {local,kernel_safe_sup}
             started: [{pid,<0.230.0>},
                       {name,timer2_server},
                       {mfargs,{timer2,start_link,[]}},
                       {restart_type,permanent},
                       {shutdown,1000},
                       {child_type,worker}]

[error_logger:info,2019-03-13T10:24:49.240Z,couchdb_ns_1@127.0.0.1:error_logger<0.6.0>:ale_error_logger_handler:do_log:203]
=========================PROGRESS REPORT=========================
          supervisor: {local,ns_couchdb_sup}
             started: [{pid,<0.228.0>},
                       {name,set_view_update_daemon},
                       {mfargs,{set_view_update_daemon,start_link,[]}},
                       {restart_type,permanent},
                       {shutdown,1000},
                       {child_type,worker}]

[ns_server:info,2019-03-13T10:24:49.246Z,couchdb_ns_1@127.0.0.1:ns_config_rep<0.217.0>:ns_couchdb_config_rep:do_pull:65]Pulling config from: 'ns_1@127.0.0.1'

[ns_server:info,2019-03-13T10:24:49.258Z,couchdb_ns_1@127.0.0.1:ns_couchdb_sup<0.102.0>:dir_size:start_link:39]Starting quick version of dir_size with program name: godu
[error_logger:info,2019-03-13T10:24:49.263Z,couchdb_ns_1@127.0.0.1:error_logger<0.6.0>:ale_error_logger_handler:do_log:203]
=========================PROGRESS REPORT=========================
          supervisor: {local,ns_couchdb_sup}
             started: [{pid,<0.233.0>},
                       {name,dir_size},
                       {mfargs,{dir_size,start_link,[]}},
                       {restart_type,permanent},
                       {shutdown,1000},
                       {child_type,worker}]

[error_logger:info,2019-03-13T10:24:49.268Z,couchdb_ns_1@127.0.0.1:error_logger<0.6.0>:ale_error_logger_handler:do_log:203]
=========================PROGRESS REPORT=========================
         application: ns_couchdb
          started_at: 'couchdb_ns_1@127.0.0.1'

[ns_server:debug,2019-03-13T10:24:49.269Z,couchdb_ns_1@127.0.0.1:<0.2.0>:child_erlang:child_loop:130]192: Entered child_loop
[ns_server:debug,2019-03-13T10:24:49.869Z,couchdb_ns_1@127.0.0.1:ns_config_log<0.220.0>:ns_config_log:log_common:227]config change:
otp ->
[{'_vclock',[{<<"809ca823974d9231aa4400d5407944e4">>,{1,63719691889}}]},
 {cookie,{sanitized,<<"gFsn1Jf3JAC2PlnDl6EMNfJ+5BbPfvAEVbK0NkqbyGc=">>}}]
[ns_server:debug,2019-03-13T10:24:49.869Z,couchdb_ns_1@127.0.0.1:ns_config_log<0.220.0>:ns_config_log:log_common:227]config change:
{local_changes_count,<<"809ca823974d9231aa4400d5407944e4">>} ->
[{'_vclock',[{<<"809ca823974d9231aa4400d5407944e4">>,{1,63719691889}}]}]
[ns_server:debug,2019-03-13T10:24:50.832Z,couchdb_ns_1@127.0.0.1:ns_config_log<0.220.0>:ns_config_log:log_common:227]config change:
audit ->
[{'_vclock',[{<<"809ca823974d9231aa4400d5407944e4">>,{1,63719691890}}]},
 {enabled,[]},
 {disabled_users,[]},
 {auditd_enabled,false},
 {rotate_interval,86400},
 {rotate_size,20971520},
 {disabled,[]},
 {sync,[]},
 {log_path,"/opt/couchbase/var/lib/couchbase/logs"}]
[ns_server:debug,2019-03-13T10:24:50.837Z,couchdb_ns_1@127.0.0.1:ns_config_log<0.220.0>:ns_config_log:log_common:227]config change:
audit_decriptors ->
[{'_vclock',[{<<"809ca823974d9231aa4400d5407944e4">>,{1,63719691890}}]},
 {20480,
  [{name,<<"opened DCP connection">>},
   {description,<<"opened DCP connection">>},
   {enabled,true},
   {module,memcached}]},
 {20482,
  [{name,<<"external memcached bucket flush">>},
   {description,<<"External user flushed the content of a memcached bucket">>},
   {enabled,true},
   {module,memcached}]},
 {20483,
  [{name,<<"invalid packet">>},
   {description,<<"Rejected an invalid packet">>},
   {enabled,true},
   {module,memcached}]},
 {20485,
  [{name,<<"authentication succeeded">>},
   {description,<<"Authentication to the cluster succeeded">>},
   {enabled,false},
   {module,memcached}]},
 {20488,
  [{name,<<"document read">>},
   {description,<<"Document was read">>},
   {enabled,false},
   {module,memcached}]},
 {20489,
  [{name,<<"document locked">>},
   {description,<<"Document was locked">>},
   {enabled,false},
   {module,memcached}]},
 {20490,
  [{name,<<"document modify">>},
   {description,<<"Document was modified">>},
   {enabled,false},
   {module,memcached}]},
 {20491,
  [{name,<<"document delete">>},
   {description,<<"Document was deleted">>},
   {enabled,false},
   {module,memcached}]},
 {28672,
  [{name,<<"SELECT statement">>},
   {description,<<"A N1QL SELECT statement was executed">>},
   {enabled,false},
   {module,n1ql}]},
 {28673,
  [{name,<<"EXPLAIN statement">>},
   {description,<<"A N1QL EXPLAIN statement was executed">>},
   {enabled,false},
   {module,n1ql}]},
 {28674,
  [{name,<<"PREPARE statement">>},
   {description,<<"A N1QL PREPARE statement was executed">>},
   {enabled,false},
   {module,n1ql}]},
 {28675,
  [{name,<<"INFER statement">>},
   {description,<<"A N1QL INFER statement was executed">>},
   {enabled,false},
   {module,n1ql}]},
 {28676,
  [{name,<<"INSERT statement">>},
   {description,<<"A N1QL INSERT statement was executed">>},
   {enabled,false},
   {module,n1ql}]},
 {28677,
  [{name,<<"UPSERT statement">>},
   {description,<<"A N1QL UPSERT statement was executed">>},
   {enabled,false},
   {module,n1ql}]},
 {28678,
  [{name,<<"DELETE statement">>},
   {description,<<"A N1QL DELETE statement was executed">>},
   {enabled,false},
   {module,n1ql}]},
 {28679,
  [{name,<<"UPDATE statement">>},
   {description,<<"A N1QL UPDATE statement was executed">>},
   {enabled,false},
   {module,n1ql}]},
 {28680,
  [{name,<<"MERGE statement">>},
   {description,<<"A N1QL MERGE statement was executed">>},
   {enabled,false},
   {module,n1ql}]},
 {28681,
  [{name,<<"CREATE INDEX statement">>},
   {description,<<"A N1QL CREATE INDEX statement was executed">>},
   {enabled,false},
   {module,n1ql}]},
 {28682,
  [{name,<<"DROP INDEX statement">>},
   {description,<<"A N1QL DROP INDEX statement was executed">>},
   {enabled,false},
   {module,n1ql}]},
 {28683,
  [{name,<<"ALTER INDEX statement">>},
   {description,<<"A N1QL ALTER INDEX statement was executed">>},
   {enabled,false},
   {module,n1ql}]},
 {28684,
  [{name,<<"BUILD INDEX statement">>},
   {description,<<"A N1QL BUILD INDEX statement was executed">>},
   {enabled,false},
   {module,n1ql}]},
 {28685,
  [{name,<<"GRANT ROLE statement">>},
   {description,<<"A N1QL GRANT ROLE statement was executed">>},
   {enabled,false},
   {module,n1ql}]},
 {28686,
  [{name,<<"REVOKE ROLE statement">>},
   {description,<<"A N1QL REVOKE ROLE statement was executed">>},
   {enabled,false},
   {module,n1ql}]},
 {28687,
  [{name,<<"UNRECOGNIZED statement">>},
   {description,<<"An unrecognized statement was received by the N1QL query engine">>},
   {enabled,false},
   {module,n1ql}]},
 {28688,
  [{name,<<"CREATE PRIMARY INDEX statement">>},
   {description,<<"A N1QL CREATE PRIMARY INDEX statement was executed">>},
   {enabled,false},
   {module,n1ql}]},
 {28689,
  [{name,<<"/admin/stats API request">>},
   {description,<<"An HTTP request was made to the API at /admin/stats.">>},
   {enabled,false},
   {module,n1ql}]},
 {28690,
  [{name,<<"/admin/vitals API request">>},
   {description,<<"An HTTP request was made to the API at /admin/vitals.">>},
   {enabled,false},
   {module,n1ql}]},
 {28691,
  [{name,<<"/admin/prepareds API request">>},
   {description,<<"An HTTP request was made to the API at /admin/prepareds.">>},
   {enabled,false},
   {module,n1ql}]},
 {28692,
  [{name,<<"/admin/active_requests API request">>},
   {description,<<"An HTTP request was made to the API at /admin/active_requests.">>},
   {enabled,false},
   {module,n1ql}]},
 {28693,
  [{name,<<"/admin/indexes/prepareds API request">>},
   {description,<<"An HTTP request was made to the API at /admin/indexes/prepareds.">>},
   {enabled,false},
   {module,n1ql}]},
 {28694,
  [{name,<<"/admin/indexes/active_requests API request">>},
   {description,<<"An HTTP request was made to the API at /admin/indexes/active_requests.">>},
   {enabled,false},
   {module,n1ql}]},
 {28695,
  [{name,<<"/admin/indexes/completed_requests API request">>},
   {description,<<"An HTTP request was made to the API at /admin/indexes/completed_requests.">>},
   {enabled,false},
   {module,n1ql}]},
 {28697,
  [{name,<<"/admin/ping API request">>},
   {description,<<"An HTTP request was made to the API at /admin/ping.">>},
   {enabled,false},
   {module,n1ql}]},
 {28698,
  [{name,<<"/admin/config API request">>},
   {description,<<"An HTTP request was made to the API at /admin/config.">>},
   {enabled,false},
   {module,n1ql}]},
 {28699,
  [{name,<<"/admin/ssl_cert API request">>},
   {description,<<"An HTTP request was made to the API at /admin/ssl_cert.">>},
   {enabled,false},
   {module,n1ql}]},
 {28700,
  [{name,<<"/admin/settings API request">>},
   {description,<<"An HTTP request was made to the API at /admin/settings.">>},
   {enabled,false},
   {module,n1ql}]},
 {28701,
  [{name,<<"/admin/clusters API request">>},
   {description,<<"An HTTP request was made to the API at /admin/clusters.">>},
   {enabled,false},
   {module,n1ql}]},
 {28702,
  [{name,<<"/admin/completed_requests API request">>},
   {description,<<"An HTTP request was made to the API at /admin/completed_requests.">>},
   {enabled,false},
   {module,n1ql}]}]
[ns_server:debug,2019-03-13T10:24:50.838Z,couchdb_ns_1@127.0.0.1:ns_config_log<0.220.0>:ns_config_log:log_common:227]config change:
auto_failover_cfg ->
[{'_vclock',[{<<"809ca823974d9231aa4400d5407944e4">>,{1,63719691890}}]},
 {enabled,true},
 {timeout,120},
 {count,0},
 {failover_on_data_disk_issues,[{enabled,false},{timePeriod,120}]},
 {failover_server_group,false},
 {max_count,1},
 {failed_over_server_groups,[]}]
[ns_server:debug,2019-03-13T10:24:50.838Z,couchdb_ns_1@127.0.0.1:ns_config_log<0.220.0>:ns_config_log:log_common:227]config change:
buckets ->
[[{<<"809ca823974d9231aa4400d5407944e4">>,{3,63719691890}}],{configs,[]}]
[ns_server:debug,2019-03-13T10:24:50.838Z,couchdb_ns_1@127.0.0.1:ns_config_log<0.220.0>:ns_config_log:log_common:227]config change:
client_cert_auth ->
[{'_vclock',[{<<"809ca823974d9231aa4400d5407944e4">>,{1,63719691890}}]},
 {state,"disable"},
 {prefixes,[]}]
[ns_server:debug,2019-03-13T10:24:50.838Z,couchdb_ns_1@127.0.0.1:ns_config_log<0.220.0>:ns_config_log:log_common:227]config change:
cluster_compat_version ->
[{'_vclock',[{<<"809ca823974d9231aa4400d5407944e4">>,{8,63719691890}}]},6,0]
[ns_server:debug,2019-03-13T10:24:50.839Z,couchdb_ns_1@127.0.0.1:ns_config_log<0.220.0>:ns_config_log:log_common:227]config change:
quorum_nodes ->
[{'_vclock',[{<<"809ca823974d9231aa4400d5407944e4">>,{1,63719691890}}]},
 'ns_1@127.0.0.1']
[ns_server:debug,2019-03-13T10:24:50.839Z,couchdb_ns_1@127.0.0.1:ns_config_log<0.220.0>:ns_config_log:log_common:227]config change:
read_only_user_creds ->
[{'_vclock',[{<<"809ca823974d9231aa4400d5407944e4">>,{1,63719691890}}]}|
 '_deleted']
[ns_server:debug,2019-03-13T10:24:50.839Z,couchdb_ns_1@127.0.0.1:ns_config_log<0.220.0>:ns_config_log:log_common:227]config change:
roles_definitions ->
[{'_vclock',[{<<"809ca823974d9231aa4400d5407944e4">>,{1,63719691890}}]}|
 '_deleted']
[ns_server:debug,2019-03-13T10:24:50.839Z,couchdb_ns_1@127.0.0.1:ns_config_log<0.220.0>:ns_config_log:log_common:227]config change:
scramsha_fallback_salt ->
[{'_vclock',[{<<"809ca823974d9231aa4400d5407944e4">>,{1,63719691890}}]}|
 <<158,7,179,16,73,179,77,129,150,58,218,116>>]
[ns_server:debug,2019-03-13T10:24:50.839Z,couchdb_ns_1@127.0.0.1:ns_config_log<0.220.0>:ns_config_log:log_common:227]config change:
users_upgrade ->
[{'_vclock',[{<<"809ca823974d9231aa4400d5407944e4">>,{1,63719691890}}]}|
 '_deleted']
[ns_server:debug,2019-03-13T10:24:50.839Z,couchdb_ns_1@127.0.0.1:ns_config_log<0.220.0>:ns_config_log:log_common:227]config change:
{local_changes_count,<<"809ca823974d9231aa4400d5407944e4">>} ->
[{'_vclock',[{<<"809ca823974d9231aa4400d5407944e4">>,{2,63719691890}}]}]
[ns_server:debug,2019-03-13T10:24:50.840Z,couchdb_ns_1@127.0.0.1:ns_config_log<0.220.0>:ns_config_log:log_common:227]config change:
{metakv,<<"/eventing/settings/config">>} ->
[{'_vclock',[{<<"809ca823974d9231aa4400d5407944e4">>,{1,63719691890}}]}|
 <<"{\"ram_quota\":256}">>]
[ns_server:debug,2019-03-13T10:24:50.840Z,couchdb_ns_1@127.0.0.1:ns_config_log<0.220.0>:ns_config_log:log_common:227]config change:
{metakv,<<"/indexing/settings/config">>} ->
[{'_vclock',[{<<"809ca823974d9231aa4400d5407944e4">>,{1,63719691890}}]}|
 <<"{\"indexer.settings.compaction.days_of_week\":\"Sunday,Monday,Tuesday,Wednesday,Thursday,Friday,Saturday\",\"indexer.settings.compaction.interval\":\"00:00,00:00\",\"indexer.settings.compaction.compaction_mode\":\"circular\",\"indexer.settings.persisted_snapshot.interval\":5000,\"indexer.settings.log_level\":\"info\",\"indexer.settings.compaction.min_frag\":30,\"indexer.settings.inmemory_snapshot.interval\""...>>]
[ns_server:debug,2019-03-13T10:24:50.840Z,couchdb_ns_1@127.0.0.1:ns_config_log<0.220.0>:ns_config_log:log_common:227]config change:
{metakv,<<"/query/settings/config">>} ->
[{'_vclock',[{<<"809ca823974d9231aa4400d5407944e4">>,{1,63719691890}}]}|
 <<"{\"query.settings.curl_whitelist\":{\"all_access\":false,\"allowed_urls\":[],\"disallowed_urls\":[]},\"query.settings.tmp_space_dir\":\"/opt/couchbase/var/lib/couchbase/tmp\",\"query.settings.tmp_space_size\":5120}">>]
[ns_server:debug,2019-03-13T10:24:50.840Z,couchdb_ns_1@127.0.0.1:ns_config_log<0.220.0>:ns_config_log:log_common:227]config change:
{rbac_upgrade,[5,5]} ->
[{'_vclock',[{<<"809ca823974d9231aa4400d5407944e4">>,{1,63719691890}}]}|
 '_deleted']
[ns_server:debug,2019-03-13T10:24:50.840Z,couchdb_ns_1@127.0.0.1:ns_config_log<0.220.0>:ns_config_log:log_common:227]config change:
{service_map,fts} ->
[{'_vclock',[{<<"809ca823974d9231aa4400d5407944e4">>,{1,63719691890}}]}]
[ns_server:debug,2019-03-13T10:24:50.841Z,couchdb_ns_1@127.0.0.1:ns_config_log<0.220.0>:ns_config_log:log_common:227]config change:
{service_map,index} ->
[{'_vclock',[{<<"809ca823974d9231aa4400d5407944e4">>,{1,63719691890}}]}]
[ns_server:debug,2019-03-13T10:24:50.841Z,couchdb_ns_1@127.0.0.1:ns_config_log<0.220.0>:ns_config_log:log_common:227]config change:
{service_map,n1ql} ->
[{'_vclock',[{<<"809ca823974d9231aa4400d5407944e4">>,{1,63719691890}}]}]
[ns_server:debug,2019-03-13T10:24:50.895Z,couchdb_ns_1@127.0.0.1:compiled_roles_cache<0.222.0>:versioned_cache:handle_info:89]Flushing cache compiled_roles_cache due to version change from undefined to {[6,
                                                                              0],
                                                                             {0,
                                                                              1169890317},
                                                                             false,
                                                                             []}
[ns_server:debug,2019-03-13T10:24:50.959Z,couchdb_ns_1@127.0.0.1:ns_config_log<0.220.0>:ns_config_log:log_common:227]config change:
{local_changes_count,<<"809ca823974d9231aa4400d5407944e4">>} ->
[{'_vclock',[{<<"809ca823974d9231aa4400d5407944e4">>,{3,63719691890}}]}]
[ns_server:debug,2019-03-13T10:24:51.162Z,couchdb_ns_1@127.0.0.1:ns_config_log<0.220.0>:ns_config_log:log_common:227]config change:
memory_quota ->
[{'_vclock',[{<<"809ca823974d9231aa4400d5407944e4">>,{1,63719691891}}]}|512]
[ns_server:debug,2019-03-13T10:24:51.162Z,couchdb_ns_1@127.0.0.1:ns_config_log<0.220.0>:ns_config_log:log_common:227]config change:
{local_changes_count,<<"809ca823974d9231aa4400d5407944e4">>} ->
[{'_vclock',[{<<"809ca823974d9231aa4400d5407944e4">>,{4,63719691891}}]}]
[ns_server:debug,2019-03-13T10:24:51.163Z,couchdb_ns_1@127.0.0.1:ns_config_log<0.220.0>:ns_config_log:log_common:227]config change:
{metakv,<<"/indexing/settings/config">>} ->
[{'_vclock',[{<<"809ca823974d9231aa4400d5407944e4">>,{2,63719691891}}]}|
 <<"{\"indexer.settings.compaction.days_of_week\":\"Sunday,Monday,Tuesday,Wednesday,Thursday,Friday,Saturday\",\"indexer.settings.compaction.interval\":\"00:00,00:00\",\"indexer.settings.log_level\":\"info\",\"indexer.settings.persisted_snapshot.interval\":5000,\"indexer.settings.compaction.compaction_mode\":\"circular\",\"indexer.settings.compaction.min_frag\":30,\"indexer.settings.inmemory_snapshot.interval\""...>>]
[ns_server:debug,2019-03-13T10:24:51.193Z,couchdb_ns_1@127.0.0.1:ns_config_log<0.220.0>:ns_config_log:log_common:227]config change:
{local_changes_count,<<"809ca823974d9231aa4400d5407944e4">>} ->
[{'_vclock',[{<<"809ca823974d9231aa4400d5407944e4">>,{5,63719691891}}]}]
[ns_server:debug,2019-03-13T10:24:51.194Z,couchdb_ns_1@127.0.0.1:ns_config_log<0.220.0>:ns_config_log:log_common:227]config change:
{metakv,<<"/indexing/settings/config">>} ->
[{'_vclock',[{<<"809ca823974d9231aa4400d5407944e4">>,{3,63719691891}}]}|
 <<"{\"indexer.settings.compaction.days_of_week\":\"Sunday,Monday,Tuesday,Wednesday,Thursday,Friday,Saturday\",\"indexer.settings.compaction.interval\":\"00:00,00:00\",\"indexer.settings.compaction.compaction_mode\":\"circular\",\"indexer.settings.persisted_snapshot.interval\":5000,\"indexer.settings.log_level\":\"info\",\"indexer.settings.compaction.min_frag\":30,\"indexer.settings.inmemory_snapshot.interval\""...>>]
[ns_server:debug,2019-03-13T10:24:52.204Z,couchdb_ns_1@127.0.0.1:ns_config_log<0.220.0>:ns_config_log:log_common:227]config change:
{local_changes_count,<<"809ca823974d9231aa4400d5407944e4">>} ->
[{'_vclock',[{<<"809ca823974d9231aa4400d5407944e4">>,{6,63719691892}}]}]
[ns_server:debug,2019-03-13T10:24:52.204Z,couchdb_ns_1@127.0.0.1:ns_config_log<0.220.0>:ns_config_log:log_common:227]config change:
{node,'couchdb_ns_1@127.0.0.1',services} ->
[{'_vclock',[{<<"809ca823974d9231aa4400d5407944e4">>,{1,63719691892}}]},
 index,kv,n1ql]
[ns_server:debug,2019-03-13T10:24:52.205Z,couchdb_ns_1@127.0.0.1:ns_config_log<0.220.0>:ns_config_log:log_common:227]config change:
{node,'ns_1@127.0.0.1',services} ->
[{'_vclock',[{<<"809ca823974d9231aa4400d5407944e4">>,{1,63719691892}}]},
 index,kv,n1ql]
[ns_server:debug,2019-03-13T10:24:52.222Z,couchdb_ns_1@127.0.0.1:ns_config_log<0.220.0>:ns_config_log:log_common:227]config change:
settings ->
[{'_vclock',[{<<"809ca823974d9231aa4400d5407944e4">>,{1,63719691892}}]},
 {stats,[{send_stats,true}]}]
[ns_server:debug,2019-03-13T10:24:52.222Z,couchdb_ns_1@127.0.0.1:ns_config_log<0.220.0>:ns_config_log:log_common:227]config change:
{local_changes_count,<<"809ca823974d9231aa4400d5407944e4">>} ->
[{'_vclock',[{<<"809ca823974d9231aa4400d5407944e4">>,{7,63719691892}}]}]
[ns_server:debug,2019-03-13T10:24:52.259Z,couchdb_ns_1@127.0.0.1:ns_config_log<0.220.0>:ns_config_log:log_common:227]config change:
{local_changes_count,<<"809ca823974d9231aa4400d5407944e4">>} ->
[{'_vclock',[{<<"809ca823974d9231aa4400d5407944e4">>,{8,63719691892}}]}]
[ns_server:debug,2019-03-13T10:24:52.316Z,couchdb_ns_1@127.0.0.1:ns_config_log<0.220.0>:ns_config_log:log_common:227]config change:
rest_creds ->
[{'_vclock',[{<<"809ca823974d9231aa4400d5407944e4">>,{1,63719691892}}]}|
 {"<ud>admin</ud>",
  {auth,
   [{<<"plain">>,"*****"},
    {<<"sha512">>,
     {[{<<"h">>,"*****"},
       {<<"s">>,
        <<"NO/WMqzCzNp2Ejr7V/l+cNo0kfr3vqcd9r6AQCqL+9zkwqeXtB/RYFvPMOpo22FmiLp1HLzhSsg8PhP9fdZW3A==">>},
       {<<"i">>,4000}]}},
    {<<"sha256">>,
     {[{<<"h">>,"*****"},
       {<<"s">>,<<"KX+hlmBJXlb9G3pM5UNFlKEDNt88Aa0B5IKBhjI5H4M=">>},
       {<<"i">>,4000}]}},
    {<<"sha1">>,
     {[{<<"h">>,"*****"},
       {<<"s">>,<<"Qs+LYINJQjW3uUjQyAN4PK4LbeU=">>},
       {<<"i">>,4000}]}}]}}]
[ns_server:debug,2019-03-13T10:24:52.316Z,couchdb_ns_1@127.0.0.1:ns_config_log<0.220.0>:ns_config_log:log_common:227]config change:
uuid ->
[{'_vclock',[{<<"809ca823974d9231aa4400d5407944e4">>,{1,63719691892}}]}|
 <<"3059e1689c9b9ac826ead86522411f20">>]
[ns_server:debug,2019-03-13T10:24:52.316Z,couchdb_ns_1@127.0.0.1:ns_config_log<0.220.0>:ns_config_log:log_common:227]config change:
{local_changes_count,<<"809ca823974d9231aa4400d5407944e4">>} ->
[{'_vclock',[{<<"809ca823974d9231aa4400d5407944e4">>,{10,63719691892}}]}]
[ns_server:debug,2019-03-13T10:24:52.319Z,couchdb_ns_1@127.0.0.1:compiled_roles_cache<0.222.0>:versioned_cache:handle_info:89]Flushing cache compiled_roles_cache due to version change from {[6,0],
                                                                {0,1169890317},
                                                                false,[]} to {[6,
                                                                               0],
                                                                              {0,
                                                                               1169890317},
                                                                              true,
                                                                              []}
[ns_server:debug,2019-03-13T10:24:53.974Z,couchdb_ns_1@127.0.0.1:ns_config_log<0.220.0>:ns_config_log:log_common:227]config change:
{local_changes_count,<<"809ca823974d9231aa4400d5407944e4">>} ->
[{'_vclock',[{<<"809ca823974d9231aa4400d5407944e4">>,{11,63719691893}}]}]
[ns_server:debug,2019-03-13T10:24:55.310Z,couchdb_ns_1@127.0.0.1:ns_config_log<0.220.0>:ns_config_log:log_common:227]config change:
buckets ->
[[{<<"809ca823974d9231aa4400d5407944e4">>,{4,63719691895}}],
 {configs,[[{map,[]},
            {fastForwardMap,[]},
            {repl_type,dcp},
            {uuid,<<"74fdafa75a3427824a57ff13d8c62f4b">>},
            {auth_type,sasl},
            {replica_index,true},
            {ram_quota,268435456},
            {flush_enabled,false},
            {num_threads,3},
            {eviction_policy,value_only},
            {conflict_resolution_type,seqno},
            {storage_mode,couchstore},
            {max_ttl,0},
            {compression_mode,off},
            {type,membase},
            {num_vbuckets,1024},
            {num_replicas,1},
            {replication_topology,star},
            {servers,[]},
            {sasl_password,"*****"}]]}]
[ns_server:debug,2019-03-13T10:24:55.310Z,couchdb_ns_1@127.0.0.1:ns_config_log<0.220.0>:ns_config_log:log_common:227]config change:
{local_changes_count,<<"809ca823974d9231aa4400d5407944e4">>} ->
[{'_vclock',[{<<"809ca823974d9231aa4400d5407944e4">>,{12,63719691895}}]}]
[ns_server:debug,2019-03-13T10:24:55.311Z,couchdb_ns_1@127.0.0.1:compiled_roles_cache<0.222.0>:versioned_cache:handle_info:89]Flushing cache compiled_roles_cache due to version change from {[6,0],
                                                                {0,1169890317},
                                                                true,[]} to {[6,
                                                                              0],
                                                                             {0,
                                                                              1169890317},
                                                                             true,
                                                                             [{"main-bucket",
                                                                               <<"74fdafa75a3427824a57ff13d8c62f4b">>}]}
[ns_server:debug,2019-03-13T10:24:55.335Z,couchdb_ns_1@127.0.0.1:ns_config_log<0.220.0>:ns_config_log:log_common:227]config change:
buckets ->
[[{<<"809ca823974d9231aa4400d5407944e4">>,{5,63719691895}}],
 {configs,[{"main-bucket",
            [{map,[]},
             {fastForwardMap,[]},
             {repl_type,dcp},
             {uuid,<<"74fdafa75a3427824a57ff13d8c62f4b">>},
             {auth_type,sasl},
             {replica_index,true},
             {ram_quota,268435456},
             {flush_enabled,false},
             {num_threads,3},
             {eviction_policy,value_only},
             {conflict_resolution_type,seqno},
             {storage_mode,couchstore},
             {max_ttl,0},
             {compression_mode,off},
             {type,membase},
             {num_vbuckets,1024},
             {num_replicas,1},
             {replication_topology,star},
             {servers,['ns_1@127.0.0.1']},
             {sasl_password,"*****"}]}]}]
[ns_server:debug,2019-03-13T10:24:55.335Z,couchdb_ns_1@127.0.0.1:ns_config_log<0.220.0>:ns_config_log:log_common:227]config change:
{local_changes_count,<<"809ca823974d9231aa4400d5407944e4">>} ->
[{'_vclock',[{<<"809ca823974d9231aa4400d5407944e4">>,{13,63719691895}}]}]
[ns_server:debug,2019-03-13T10:24:55.352Z,couchdb_ns_1@127.0.0.1:ns_config_rep<0.217.0>:ns_couchdb_config_rep:handle_call:77]Got full synchronization request from 'ns_1@127.0.0.1'
[ns_server:debug,2019-03-13T10:24:55.448Z,couchdb_ns_1@127.0.0.1:capi_ddoc_manager-main-bucket<0.255.0>:replicated_storage:anounce_startup:69]Announce my startup to <4666.900.0>
[ns_server:debug,2019-03-13T10:24:55.448Z,couchdb_ns_1@127.0.0.1:capi_ddoc_manager-main-bucket<0.255.0>:replicated_storage:anounce_startup:69]Announce my startup to <4666.901.0>
[error_logger:info,2019-03-13T10:24:55.496Z,couchdb_ns_1@127.0.0.1:error_logger<0.6.0>:ale_error_logger_handler:do_log:203]
=========================PROGRESS REPORT=========================
          supervisor: {local,inet_gethost_native_sup}
             started: [{pid,<0.268.0>},{mfa,{inet_gethost_native,init,[[]]}}]

[error_logger:info,2019-03-13T10:24:55.497Z,couchdb_ns_1@127.0.0.1:error_logger<0.6.0>:ale_error_logger_handler:do_log:203]
=========================PROGRESS REPORT=========================
          supervisor: {local,kernel_safe_sup}
             started: [{pid,<0.267.0>},
                       {name,inet_gethost_native_sup},
                       {mfargs,{inet_gethost_native,start_link,[]}},
                       {restart_type,temporary},
                       {shutdown,1000},
                       {child_type,worker}]

[ns_server:debug,2019-03-13T10:24:56.174Z,couchdb_ns_1@127.0.0.1:<0.266.0>:capi_set_view_manager:wait_for_bucket_to_start:190]Engine for bucket "main-bucket" is created in memcached
[ns_server:debug,2019-03-13T10:24:56.488Z,couchdb_ns_1@127.0.0.1:ns_config_log<0.220.0>:ns_config_log:log_common:227]config change:
vbucket_map_history ->
[{'_vclock',[{<<"809ca823974d9231aa4400d5407944e4">>,{1,63719691896}}]},
 {[['ns_1@127.0.0.1',undefined],
   ['ns_1@127.0.0.1',undefined],
   ['ns_1@127.0.0.1',undefined],
   ['ns_1@127.0.0.1',undefined],
   ['ns_1@127.0.0.1',undefined],
   ['ns_1@127.0.0.1',undefined],
   ['ns_1@127.0.0.1',undefined],
   ['ns_1@127.0.0.1',undefined],
   ['ns_1@127.0.0.1',undefined],
   ['ns_1@127.0.0.1',undefined],
   ['ns_1@127.0.0.1',undefined],
   ['ns_1@127.0.0.1',undefined],
   ['ns_1@127.0.0.1',undefined],
   ['ns_1@127.0.0.1',undefined],
   ['ns_1@127.0.0.1',undefined],
   ['ns_1@127.0.0.1',undefined],
   ['ns_1@127.0.0.1',undefined],
   ['ns_1@127.0.0.1',undefined],
   ['ns_1@127.0.0.1',undefined],
   ['ns_1@127.0.0.1',undefined],
   ['ns_1@127.0.0.1',undefined],
   ['ns_1@127.0.0.1',undefined],
   ['ns_1@127.0.0.1',undefined],
   ['ns_1@127.0.0.1',undefined],
   ['ns_1@127.0.0.1',undefined],
   ['ns_1@127.0.0.1',undefined],
   ['ns_1@127.0.0.1',undefined],
   ['ns_1@127.0.0.1',undefined],
   ['ns_1@127.0.0.1',undefined],
   ['ns_1@127.0.0.1',undefined],
   ['ns_1@127.0.0.1',undefined],
   ['ns_1@127.0.0.1',undefined],
   ['ns_1@127.0.0.1',undefined],
   ['ns_1@127.0.0.1',undefined],
   ['ns_1@127.0.0.1',undefined],
   ['ns_1@127.0.0.1',undefined],
   ['ns_1@127.0.0.1',undefined],
   ['ns_1@127.0.0.1',undefined],
   ['ns_1@127.0.0.1',undefined],
   ['ns_1@127.0.0.1',undefined],
   ['ns_1@127.0.0.1',undefined],
   ['ns_1@127.0.0.1',undefined],
   ['ns_1@127.0.0.1',undefined],
   ['ns_1@127.0.0.1',undefined],
   ['ns_1@127.0.0.1',undefined],
   ['ns_1@127.0.0.1',undefined],
   ['ns_1@127.0.0.1',undefined],
   ['ns_1@127.0.0.1',undefined],
   ['ns_1@127.0.0.1',undefined],
   ['ns_1@127.0.0.1',undefined],
   ['ns_1@127.0.0.1',undefined],
   ['ns_1@127.0.0.1',undefined],
   ['ns_1@127.0.0.1',undefined],
   ['ns_1@127.0.0.1',undefined],
   ['ns_1@127.0.0.1',undefined],
   ['ns_1@127.0.0.1',undefined],
   ['ns_1@127.0.0.1',undefined],
   ['ns_1@127.0.0.1',undefined],
   ['ns_1@127.0.0.1',undefined],
   ['ns_1@127.0.0.1',undefined],
   ['ns_1@127.0.0.1',undefined],
   ['ns_1@127.0.0.1',undefined],
   ['ns_1@127.0.0.1',undefined],
   ['ns_1@127.0.0.1',undefined],
   ['ns_1@127.0.0.1',undefined],
   ['ns_1@127.0.0.1',undefined],
   ['ns_1@127.0.0.1',undefined],
   ['ns_1@127.0.0.1',undefined],
   ['ns_1@127.0.0.1',undefined],
   ['ns_1@127.0.0.1',undefined],
   ['ns_1@127.0.0.1',undefined],
   ['ns_1@127.0.0.1',undefined],
   ['ns_1@127.0.0.1',undefined],
   ['ns_1@127.0.0.1',undefined],
   ['ns_1@127.0.0.1',undefined],
   ['ns_1@127.0.0.1',undefined],
   ['ns_1@127.0.0.1',undefined],
   ['ns_1@127.0.0.1',undefined],
   ['ns_1@127.0.0.1',undefined],
   ['ns_1@127.0.0.1',undefined],
   ['ns_1@127.0.0.1',undefined],
   ['ns_1@127.0.0.1',undefined],
   ['ns_1@127.0.0.1',undefined],
   ['ns_1@127.0.0.1',undefined],
   ['ns_1@127.0.0.1',undefined],
   ['ns_1@127.0.0.1',undefined],
   ['ns_1@127.0.0.1',undefined],
   ['ns_1@127.0.0.1',undefined],
   ['ns_1@127.0.0.1',undefined],
   ['ns_1@127.0.0.1',undefined],
   ['ns_1@127.0.0.1',undefined],
   ['ns_1@127.0.0.1',undefined],
   ['ns_1@127.0.0.1',undefined],
   ['ns_1@127.0.0.1',undefined],
   ['ns_1@127.0.0.1'|...],
   [...]|...],
  [{replication_topology,star},{tags,undefined},{max_slaves,10}]}]
[ns_server:debug,2019-03-13T10:24:56.488Z,couchdb_ns_1@127.0.0.1:ns_config_log<0.220.0>:ns_config_log:log_common:227]config change:
{local_changes_count,<<"809ca823974d9231aa4400d5407944e4">>} ->
[{'_vclock',[{<<"809ca823974d9231aa4400d5407944e4">>,{14,63719691896}}]}]
[ns_server:debug,2019-03-13T10:24:56.529Z,couchdb_ns_1@127.0.0.1:ns_config_log<0.220.0>:ns_config_log:log_common:227]config change:
buckets ->
[[{<<"809ca823974d9231aa4400d5407944e4">>,{7,63719691896}}],
 {configs,[{"main-bucket",
            [{map,[{0,[],['ns_1@127.0.0.1',undefined]},
                   {1,[],['ns_1@127.0.0.1',undefined]},
                   {2,[],['ns_1@127.0.0.1',undefined]},
                   {3,[],['ns_1@127.0.0.1',undefined]},
                   {4,[],['ns_1@127.0.0.1',undefined]},
                   {5,[],['ns_1@127.0.0.1',undefined]},
                   {6,[],['ns_1@127.0.0.1',undefined]},
                   {7,[],['ns_1@127.0.0.1',undefined]},
                   {8,[],['ns_1@127.0.0.1',undefined]},
                   {9,[],['ns_1@127.0.0.1',undefined]},
                   {10,[],['ns_1@127.0.0.1',undefined]},
                   {11,[],['ns_1@127.0.0.1',undefined]},
                   {12,[],['ns_1@127.0.0.1',undefined]},
                   {13,[],['ns_1@127.0.0.1',undefined]},
                   {14,[],['ns_1@127.0.0.1',undefined]},
                   {15,[],['ns_1@127.0.0.1',undefined]},
                   {16,[],['ns_1@127.0.0.1',undefined]},
                   {17,[],['ns_1@127.0.0.1',undefined]},
                   {18,[],['ns_1@127.0.0.1',undefined]},
                   {19,[],['ns_1@127.0.0.1',undefined]},
                   {20,[],['ns_1@127.0.0.1',undefined]},
                   {21,[],['ns_1@127.0.0.1',undefined]},
                   {22,[],['ns_1@127.0.0.1',undefined]},
                   {23,[],['ns_1@127.0.0.1',undefined]},
                   {24,[],['ns_1@127.0.0.1',undefined]},
                   {25,[],['ns_1@127.0.0.1',undefined]},
                   {26,[],['ns_1@127.0.0.1',undefined]},
                   {27,[],['ns_1@127.0.0.1',undefined]},
                   {28,[],['ns_1@127.0.0.1',undefined]},
                   {29,[],['ns_1@127.0.0.1',undefined]},
                   {30,[],['ns_1@127.0.0.1',undefined]},
                   {31,[],['ns_1@127.0.0.1',undefined]},
                   {32,[],['ns_1@127.0.0.1',undefined]},
                   {33,[],['ns_1@127.0.0.1',undefined]},
                   {34,[],['ns_1@127.0.0.1',undefined]},
                   {35,[],['ns_1@127.0.0.1',undefined]},
                   {36,[],['ns_1@127.0.0.1',undefined]},
                   {37,[],['ns_1@127.0.0.1',undefined]},
                   {38,[],['ns_1@127.0.0.1',undefined]},
                   {39,[],['ns_1@127.0.0.1',undefined]},
                   {40,[],['ns_1@127.0.0.1',undefined]},
                   {41,[],['ns_1@127.0.0.1',undefined]},
                   {42,[],['ns_1@127.0.0.1',undefined]},
                   {43,[],['ns_1@127.0.0.1',undefined]},
                   {44,[],['ns_1@127.0.0.1',undefined]},
                   {45,[],['ns_1@127.0.0.1',undefined]},
                   {46,[],['ns_1@127.0.0.1',undefined]},
                   {47,[],['ns_1@127.0.0.1',undefined]},
                   {48,[],['ns_1@127.0.0.1',undefined]},
                   {49,[],['ns_1@127.0.0.1',undefined]},
                   {50,[],['ns_1@127.0.0.1',undefined]},
                   {51,[],['ns_1@127.0.0.1',undefined]},
                   {52,[],['ns_1@127.0.0.1',undefined]},
                   {53,[],['ns_1@127.0.0.1',undefined]},
                   {54,[],['ns_1@127.0.0.1',undefined]},
                   {55,[],['ns_1@127.0.0.1',undefined]},
                   {56,[],['ns_1@127.0.0.1',undefined]},
                   {57,[],['ns_1@127.0.0.1',undefined]},
                   {58,[],['ns_1@127.0.0.1',undefined]},
                   {59,[],['ns_1@127.0.0.1',undefined]},
                   {60,[],['ns_1@127.0.0.1',undefined]},
                   {61,[],['ns_1@127.0.0.1',undefined]},
                   {62,[],['ns_1@127.0.0.1',undefined]},
                   {63,[],['ns_1@127.0.0.1',undefined]},
                   {64,[],['ns_1@127.0.0.1',undefined]},
                   {65,[],['ns_1@127.0.0.1',undefined]},
                   {66,[],['ns_1@127.0.0.1',undefined]},
                   {67,[],['ns_1@127.0.0.1',undefined]},
                   {68,[],['ns_1@127.0.0.1',undefined]},
                   {69,[],['ns_1@127.0.0.1',undefined]},
                   {70,[],['ns_1@127.0.0.1',undefined]},
                   {71,[],['ns_1@127.0.0.1',undefined]},
                   {72,[],['ns_1@127.0.0.1',undefined]},
                   {73,[],['ns_1@127.0.0.1',undefined]},
                   {74,[],['ns_1@127.0.0.1',undefined]},
                   {75,[],['ns_1@127.0.0.1',undefined]},
                   {76,[],['ns_1@127.0.0.1',undefined]},
                   {77,[],['ns_1@127.0.0.1',undefined]},
                   {78,[],['ns_1@127.0.0.1',undefined]},
                   {79,[],['ns_1@127.0.0.1',undefined]},
                   {80,[],['ns_1@127.0.0.1',undefined]},
                   {81,[],['ns_1@127.0.0.1',undefined]},
                   {82,[],['ns_1@127.0.0.1',undefined]},
                   {83,[],['ns_1@127.0.0.1',undefined]},
                   {84,[],['ns_1@127.0.0.1'|...]},
                   {85,[],[...]},
                   {86,[],...},
                   {87,...},
                   {...}|...]},
             {fastForwardMap,[]},
             {repl_type,dcp},
             {uuid,<<"74fdafa75a3427824a57ff13d8c62f4b">>},
             {auth_type,sasl},
             {replica_index,true},
             {ram_quota,268435456},
             {flush_enabled,false},
             {num_threads,3},
             {eviction_policy,value_only},
             {conflict_resolution_type,seqno},
             {storage_mode,couchstore},
             {max_ttl,0},
             {compression_mode,off},
             {type,membase},
             {num_vbuckets,1024},
             {num_replicas,1},
             {replication_topology,star},
             {servers,['ns_1@127.0.0.1']},
             {sasl_password,"*****"},
             {map_opts_hash,133465355}]}]}]
[ns_server:debug,2019-03-13T10:24:56.529Z,couchdb_ns_1@127.0.0.1:ns_config_log<0.220.0>:ns_config_log:log_common:227]config change:
{local_changes_count,<<"809ca823974d9231aa4400d5407944e4">>} ->
[{'_vclock',[{<<"809ca823974d9231aa4400d5407944e4">>,{16,63719691896}}]}]
[ns_server:debug,2019-03-13T10:25:00.877Z,couchdb_ns_1@127.0.0.1:ns_config_log<0.220.0>:ns_config_log:log_common:227]config change:
{local_changes_count,<<"809ca823974d9231aa4400d5407944e4">>} ->
[{'_vclock',[{<<"809ca823974d9231aa4400d5407944e4">>,{17,63719691900}}]}]
[ns_server:debug,2019-03-13T10:25:00.878Z,couchdb_ns_1@127.0.0.1:ns_config_log<0.220.0>:ns_config_log:log_common:227]config change:
{metakv,<<"/indexing/rebalance/RebalanceToken">>} ->
[{'_vclock',[{<<"809ca823974d9231aa4400d5407944e4">>,{1,63719691900}}]}|
 <<"{\"MasterId\":\"809ca823974d9231aa4400d5407944e4\",\"RebalId\":\"64e1a6cfea66e26ac05c9f070e8c19a2\",\"Source\":0,\"Error\":\"\"}">>]
[ns_server:debug,2019-03-13T10:25:00.987Z,couchdb_ns_1@127.0.0.1:ns_config_log<0.220.0>:ns_config_log:log_common:227]config change:
{local_changes_count,<<"809ca823974d9231aa4400d5407944e4">>} ->
[{'_vclock',[{<<"809ca823974d9231aa4400d5407944e4">>,{18,63719691900}}]}]
[ns_server:debug,2019-03-13T10:25:00.988Z,couchdb_ns_1@127.0.0.1:ns_config_log<0.220.0>:ns_config_log:log_common:227]config change:
{metakv,<<"/indexing/rebalance/RebalanceToken">>} ->
[{'_vclock',[{<<"809ca823974d9231aa4400d5407944e4">>,{2,63719691900}}]}|
 '_deleted']
[ns_server:debug,2019-03-13T10:25:01.047Z,couchdb_ns_1@127.0.0.1:ns_config_log<0.220.0>:ns_config_log:log_common:227]config change:
{local_changes_count,<<"809ca823974d9231aa4400d5407944e4">>} ->
[{'_vclock',[{<<"809ca823974d9231aa4400d5407944e4">>,{20,63719691901}}]}]
[ns_server:debug,2019-03-13T10:25:01.048Z,couchdb_ns_1@127.0.0.1:ns_config_log<0.220.0>:ns_config_log:log_common:227]config change:
{service_map,index} ->
[{'_vclock',[{<<"809ca823974d9231aa4400d5407944e4">>,{2,63719691901}}]},
 'ns_1@127.0.0.1']
[ns_server:debug,2019-03-13T10:25:01.048Z,couchdb_ns_1@127.0.0.1:ns_config_log<0.220.0>:ns_config_log:log_common:227]config change:
{service_map,n1ql} ->
[{'_vclock',[{<<"809ca823974d9231aa4400d5407944e4">>,{2,63719691901}}]},
 'ns_1@127.0.0.1']
[ns_server:debug,2019-03-13T10:25:01.320Z,couchdb_ns_1@127.0.0.1:ns_config_log<0.220.0>:ns_config_log:log_common:227]config change:
{local_changes_count,<<"809ca823974d9231aa4400d5407944e4">>} ->
[{'_vclock',[{<<"809ca823974d9231aa4400d5407944e4">>,{21,63719691901}}]}]
[ns_server:debug,2019-03-13T10:25:01.321Z,couchdb_ns_1@127.0.0.1:ns_config_log<0.220.0>:ns_config_log:log_common:227]config change:
{metakv,<<"/indexing/info/versionToken">>} ->
[{'_vclock',[{<<"809ca823974d9231aa4400d5407944e4">>,{1,63719691901}}]}|
 <<"{\"Version\":3}">>]
[ns_server:debug,2019-03-13T10:25:03.096Z,couchdb_ns_1@127.0.0.1:compiled_roles_cache<0.222.0>:versioned_cache:handle_info:89]Flushing cache compiled_roles_cache due to version change from {[6,0],
                                                                {0,1169890317},
                                                                true,
                                                                [{"main-bucket",
                                                                  <<"74fdafa75a3427824a57ff13d8c62f4b">>}]} to {[6,
                                                                                                                 0],
                                                                                                                {1,
                                                                                                                 1169890317},
                                                                                                                true,
                                                                                                                [{"main-bucket",
                                                                                                                  <<"74fdafa75a3427824a57ff13d8c62f4b">>}]}
[ns_server:debug,2019-03-13T10:25:03.099Z,couchdb_ns_1@127.0.0.1:menelaus_users_cache<0.103.0>:versioned_cache:handle_info:89]Flushing cache menelaus_users_cache due to version change from undefined to {{1,
                                                                              1169890317},
                                                                             {1,
                                                                              1169890317}}
[ns_server:info,2019-03-13T10:25:20.580Z,couchdb_ns_1@127.0.0.1:<0.318.0>:ns_couchdb_api:handle_rpc:259]Cleaning up indexes for bucket `main-bucket`
[ns_server:debug,2019-03-13T10:25:37.157Z,couchdb_ns_1@127.0.0.1:ns_config_log<0.220.0>:ns_config_log:log_common:227]config change:
{local_changes_count,<<"809ca823974d9231aa4400d5407944e4">>} ->
[{'_vclock',[{<<"809ca823974d9231aa4400d5407944e4">>,{22,63719691937}}]}]
[ns_server:debug,2019-03-13T10:25:37.157Z,couchdb_ns_1@127.0.0.1:ns_config_log<0.220.0>:ns_config_log:log_common:227]config change:
{metakv,<<"/indexing/ddl/commandToken/create/5070926143484941682/0">>} ->
[{'_vclock',[{<<"809ca823974d9231aa4400d5407944e4">>,{1,63719691937}}]}|
 <<"{\"DefnId\":5070926143484941682,\"BucketUUID\":\"74fdafa75a3427824a57ff13d8c62f4b\",\"Definitions\":{\"809ca823974d9231aa4400d5407944e4\":[{\"defnId\":5070926143484941682,\"name\":\"sg_syncDocs_x1\",\"using\":\"GSI\",\"bucket\":\"main-bucket\",\"secExprs\":[\"(meta().`id`)\"],\"exprType\":\"N1QL\",\"partitionScheme\":\"SINGLE\",\"where\":\"((meta().`id`) like \\\"\\\\\\\\_sync:%\\\")\",\"desc\":[false],\"deferred\":true,\"residentRatio\":"...>>]
[ns_server:debug,2019-03-13T10:25:37.599Z,couchdb_ns_1@127.0.0.1:ns_config_log<0.220.0>:ns_config_log:log_common:227]config change:
{local_changes_count,<<"809ca823974d9231aa4400d5407944e4">>} ->
[{'_vclock',[{<<"809ca823974d9231aa4400d5407944e4">>,{23,63719691937}}]}]
[ns_server:debug,2019-03-13T10:25:37.599Z,couchdb_ns_1@127.0.0.1:ns_config_log<0.220.0>:ns_config_log:log_common:227]config change:
{metakv,<<"/indexing/ddl/commandToken/create/9412130430611319344/0">>} ->
[{'_vclock',[{<<"809ca823974d9231aa4400d5407944e4">>,{1,63719691937}}]}|
 <<"{\"DefnId\":9412130430611319344,\"BucketUUID\":\"74fdafa75a3427824a57ff13d8c62f4b\",\"Definitions\":{\"809ca823974d9231aa4400d5407944e4\":[{\"defnId\":9412130430611319344,\"name\":\"sg_access_x1\",\"using\":\"GSI\",\"bucket\":\"main-bucket\",\"secExprs\":[\"(all (array (`op`.`name`) for `op` in object_pairs((((meta().`xattrs`).`_sync`).`access`)) end))\"],\"exprType\":\"N1QL\",\"partitionScheme\":\"SINGLE\",\"desc\":[false"...>>]
[ns_server:debug,2019-03-13T10:25:37.889Z,couchdb_ns_1@127.0.0.1:ns_config_log<0.220.0>:ns_config_log:log_common:227]config change:
{local_changes_count,<<"809ca823974d9231aa4400d5407944e4">>} ->
[{'_vclock',[{<<"809ca823974d9231aa4400d5407944e4">>,{24,63719691937}}]}]
[ns_server:debug,2019-03-13T10:25:37.889Z,couchdb_ns_1@127.0.0.1:ns_config_log<0.220.0>:ns_config_log:log_common:227]config change:
{metakv,<<"/indexing/ddl/commandToken/create/5070926143484941682/0">>} ->
[{'_vclock',[{<<"809ca823974d9231aa4400d5407944e4">>,{2,63719691937}}]}|
 '_deleted']
[ns_server:debug,2019-03-13T10:25:37.911Z,couchdb_ns_1@127.0.0.1:ns_config_log<0.220.0>:ns_config_log:log_common:227]config change:
{local_changes_count,<<"809ca823974d9231aa4400d5407944e4">>} ->
[{'_vclock',[{<<"809ca823974d9231aa4400d5407944e4">>,{25,63719691937}}]}]
[ns_server:debug,2019-03-13T10:25:37.911Z,couchdb_ns_1@127.0.0.1:ns_config_log<0.220.0>:ns_config_log:log_common:227]config change:
{metakv,<<"/indexing/ddl/commandToken/create/9412130430611319344/0">>} ->
[{'_vclock',[{<<"809ca823974d9231aa4400d5407944e4">>,{2,63719691937}}]}|
 '_deleted']
[ns_server:debug,2019-03-13T10:25:38.127Z,couchdb_ns_1@127.0.0.1:ns_config_log<0.220.0>:ns_config_log:log_common:227]config change:
{local_changes_count,<<"809ca823974d9231aa4400d5407944e4">>} ->
[{'_vclock',[{<<"809ca823974d9231aa4400d5407944e4">>,{26,63719691938}}]}]
[ns_server:debug,2019-03-13T10:25:38.127Z,couchdb_ns_1@127.0.0.1:ns_config_log<0.220.0>:ns_config_log:log_common:227]config change:
{metakv,<<"/indexing/ddl/commandToken/create/15487761953577109451/0">>} ->
[{'_vclock',[{<<"809ca823974d9231aa4400d5407944e4">>,{1,63719691938}}]}|
 <<"{\"DefnId\":15487761953577109451,\"BucketUUID\":\"74fdafa75a3427824a57ff13d8c62f4b\",\"Definitions\":{\"809ca823974d9231aa4400d5407944e4\":[{\"defnId\":15487761953577109451,\"name\":\"sg_roleAccess_x1\",\"using\":\"GSI\",\"bucket\":\"main-bucket\",\"secExprs\":[\"(all (array (`op`.`name`) for `op` in object_pairs((((meta().`xattrs`).`_sync`).`role_access`)) end))\"],\"exprType\":\"N1QL\",\"partitionScheme\":\"SINGLE\",\"d"...>>]
[ns_server:debug,2019-03-13T10:25:38.633Z,couchdb_ns_1@127.0.0.1:ns_config_log<0.220.0>:ns_config_log:log_common:227]config change:
{local_changes_count,<<"809ca823974d9231aa4400d5407944e4">>} ->
[{'_vclock',[{<<"809ca823974d9231aa4400d5407944e4">>,{27,63719691938}}]}]
[ns_server:debug,2019-03-13T10:25:38.638Z,couchdb_ns_1@127.0.0.1:ns_config_log<0.220.0>:ns_config_log:log_common:227]config change:
{metakv,<<"/indexing/ddl/commandToken/create/1463642697455786761/0">>} ->
[{'_vclock',[{<<"809ca823974d9231aa4400d5407944e4">>,{1,63719691938}}]}|
 <<"{\"DefnId\":1463642697455786761,\"BucketUUID\":\"74fdafa75a3427824a57ff13d8c62f4b\",\"Definitions\":{\"809ca823974d9231aa4400d5407944e4\":[{\"defnId\":1463642697455786761,\"name\":\"sg_channels_x1\",\"using\":\"GSI\",\"bucket\":\"main-bucket\",\"secExprs\":[\"(all (array [(`op`.`name`), least((((meta().`xattrs`).`_sync`).`sequence`), ((`op`.`val`).`seq`)), ifmissing(((`op`.`val`).`rev`), null), ifmissing(((`op`."...>>]
[ns_server:debug,2019-03-13T10:25:38.903Z,couchdb_ns_1@127.0.0.1:ns_config_log<0.220.0>:ns_config_log:log_common:227]config change:
{local_changes_count,<<"809ca823974d9231aa4400d5407944e4">>} ->
[{'_vclock',[{<<"809ca823974d9231aa4400d5407944e4">>,{28,63719691938}}]}]
[ns_server:debug,2019-03-13T10:25:38.904Z,couchdb_ns_1@127.0.0.1:ns_config_log<0.220.0>:ns_config_log:log_common:227]config change:
{metakv,<<"/indexing/ddl/commandToken/create/1463642697455786761/0">>} ->
[{'_vclock',[{<<"809ca823974d9231aa4400d5407944e4">>,{2,63719691938}}]}|
 '_deleted']
[ns_server:debug,2019-03-13T10:25:38.914Z,couchdb_ns_1@127.0.0.1:ns_config_log<0.220.0>:ns_config_log:log_common:227]config change:
{local_changes_count,<<"809ca823974d9231aa4400d5407944e4">>} ->
[{'_vclock',[{<<"809ca823974d9231aa4400d5407944e4">>,{29,63719691938}}]}]
[ns_server:debug,2019-03-13T10:25:38.915Z,couchdb_ns_1@127.0.0.1:ns_config_log<0.220.0>:ns_config_log:log_common:227]config change:
{metakv,<<"/indexing/ddl/commandToken/create/15487761953577109451/0">>} ->
[{'_vclock',[{<<"809ca823974d9231aa4400d5407944e4">>,{2,63719691938}}]}|
 '_deleted']
[ns_server:debug,2019-03-13T10:25:39.271Z,couchdb_ns_1@127.0.0.1:ns_config_log<0.220.0>:ns_config_log:log_common:227]config change:
{local_changes_count,<<"809ca823974d9231aa4400d5407944e4">>} ->
[{'_vclock',[{<<"809ca823974d9231aa4400d5407944e4">>,{30,63719691939}}]}]
[ns_server:debug,2019-03-13T10:25:39.272Z,couchdb_ns_1@127.0.0.1:ns_config_log<0.220.0>:ns_config_log:log_common:227]config change:
{metakv,<<"/indexing/ddl/commandToken/create/16489805899542037717/0">>} ->
[{'_vclock',[{<<"809ca823974d9231aa4400d5407944e4">>,{1,63719691939}}]}|
 <<"{\"DefnId\":16489805899542037717,\"BucketUUID\":\"74fdafa75a3427824a57ff13d8c62f4b\",\"Definitions\":{\"809ca823974d9231aa4400d5407944e4\":[{\"defnId\":16489805899542037717,\"name\":\"sg_allDocs_x1\",\"using\":\"GSI\",\"bucket\":\"main-bucket\",\"secExprs\":[\"(((meta().`xattrs`).`_sync`).`sequence`)\",\"(((meta().`xattrs`).`_sync`).`rev`)\",\"(((meta().`xattrs`).`_sync`).`flags`)\",\"(((meta().`xattrs`).`_sync`).`del"...>>]
[ns_server:debug,2019-03-13T10:25:39.890Z,couchdb_ns_1@127.0.0.1:ns_config_log<0.220.0>:ns_config_log:log_common:227]config change:
{local_changes_count,<<"809ca823974d9231aa4400d5407944e4">>} ->
[{'_vclock',[{<<"809ca823974d9231aa4400d5407944e4">>,{31,63719691939}}]}]
[ns_server:debug,2019-03-13T10:25:39.896Z,couchdb_ns_1@127.0.0.1:ns_config_log<0.220.0>:ns_config_log:log_common:227]config change:
{metakv,<<"/indexing/ddl/commandToken/create/9611986325896916243/0">>} ->
[{'_vclock',[{<<"809ca823974d9231aa4400d5407944e4">>,{1,63719691939}}]}|
 <<"{\"DefnId\":9611986325896916243,\"BucketUUID\":\"74fdafa75a3427824a57ff13d8c62f4b\",\"Definitions\":{\"809ca823974d9231aa4400d5407944e4\":[{\"defnId\":9611986325896916243,\"name\":\"sg_tombstones_x1\",\"using\":\"GSI\",\"bucket\":\"main-bucket\",\"secExprs\":[\"(((meta().`xattrs`).`_sync`).`tombstoned_at`)\"],\"exprType\":\"N1QL\",\"partitionScheme\":\"SINGLE\",\"desc\":[false],\"deferred\":true,\"retainDeletedXATTR\":true,\"re"...>>]
[ns_server:debug,2019-03-13T10:25:39.998Z,couchdb_ns_1@127.0.0.1:ns_config_log<0.220.0>:ns_config_log:log_common:227]config change:
{local_changes_count,<<"809ca823974d9231aa4400d5407944e4">>} ->
[{'_vclock',[{<<"809ca823974d9231aa4400d5407944e4">>,{32,63719691939}}]}]
[ns_server:debug,2019-03-13T10:25:39.998Z,couchdb_ns_1@127.0.0.1:ns_config_log<0.220.0>:ns_config_log:log_common:227]config change:
{metakv,<<"/indexing/ddl/commandToken/build/16489805899542037717">>} ->
[{'_vclock',[{<<"809ca823974d9231aa4400d5407944e4">>,{1,63719691939}}]}|
 <<"{\"Name\":\"\",\"Bucket\":\"\",\"DefnId\":16489805899542037717}">>]
[ns_server:debug,2019-03-13T10:25:40.020Z,couchdb_ns_1@127.0.0.1:ns_config_log<0.220.0>:ns_config_log:log_common:227]config change:
{local_changes_count,<<"809ca823974d9231aa4400d5407944e4">>} ->
[{'_vclock',[{<<"809ca823974d9231aa4400d5407944e4">>,{33,63719691939}}]}]
[ns_server:debug,2019-03-13T10:25:40.020Z,couchdb_ns_1@127.0.0.1:ns_config_log<0.220.0>:ns_config_log:log_common:227]config change:
{metakv,<<"/indexing/ddl/commandToken/build/9412130430611319344">>} ->
[{'_vclock',[{<<"809ca823974d9231aa4400d5407944e4">>,{1,63719691939}}]}|
 <<"{\"Name\":\"\",\"Bucket\":\"\",\"DefnId\":9412130430611319344}">>]
[ns_server:debug,2019-03-13T10:25:40.026Z,couchdb_ns_1@127.0.0.1:ns_config_log<0.220.0>:ns_config_log:log_common:227]config change:
{local_changes_count,<<"809ca823974d9231aa4400d5407944e4">>} ->
[{'_vclock',[{<<"809ca823974d9231aa4400d5407944e4">>,{34,63719691940}}]}]
[ns_server:debug,2019-03-13T10:25:40.027Z,couchdb_ns_1@127.0.0.1:ns_config_log<0.220.0>:ns_config_log:log_common:227]config change:
{metakv,<<"/indexing/ddl/commandToken/build/1463642697455786761">>} ->
[{'_vclock',[{<<"809ca823974d9231aa4400d5407944e4">>,{1,63719691940}}]}|
 <<"{\"Name\":\"\",\"Bucket\":\"\",\"DefnId\":1463642697455786761}">>]
[ns_server:debug,2019-03-13T10:25:40.033Z,couchdb_ns_1@127.0.0.1:ns_config_log<0.220.0>:ns_config_log:log_common:227]config change:
{local_changes_count,<<"809ca823974d9231aa4400d5407944e4">>} ->
[{'_vclock',[{<<"809ca823974d9231aa4400d5407944e4">>,{35,63719691940}}]}]
[ns_server:debug,2019-03-13T10:25:40.033Z,couchdb_ns_1@127.0.0.1:ns_config_log<0.220.0>:ns_config_log:log_common:227]config change:
{metakv,<<"/indexing/ddl/commandToken/build/9611986325896916243">>} ->
[{'_vclock',[{<<"809ca823974d9231aa4400d5407944e4">>,{1,63719691940}}]}|
 <<"{\"Name\":\"\",\"Bucket\":\"\",\"DefnId\":9611986325896916243}">>]
[ns_server:debug,2019-03-13T10:25:40.037Z,couchdb_ns_1@127.0.0.1:ns_config_log<0.220.0>:ns_config_log:log_common:227]config change:
{local_changes_count,<<"809ca823974d9231aa4400d5407944e4">>} ->
[{'_vclock',[{<<"809ca823974d9231aa4400d5407944e4">>,{36,63719691940}}]}]
[ns_server:debug,2019-03-13T10:25:40.037Z,couchdb_ns_1@127.0.0.1:ns_config_log<0.220.0>:ns_config_log:log_common:227]config change:
{metakv,<<"/indexing/ddl/commandToken/build/15487761953577109451">>} ->
[{'_vclock',[{<<"809ca823974d9231aa4400d5407944e4">>,{1,63719691940}}]}|
 <<"{\"Name\":\"\",\"Bucket\":\"\",\"DefnId\":15487761953577109451}">>]
[ns_server:debug,2019-03-13T10:25:40.040Z,couchdb_ns_1@127.0.0.1:ns_config_log<0.220.0>:ns_config_log:log_common:227]config change:
{local_changes_count,<<"809ca823974d9231aa4400d5407944e4">>} ->
[{'_vclock',[{<<"809ca823974d9231aa4400d5407944e4">>,{37,63719691940}}]}]
[ns_server:debug,2019-03-13T10:25:40.041Z,couchdb_ns_1@127.0.0.1:ns_config_log<0.220.0>:ns_config_log:log_common:227]config change:
{metakv,<<"/indexing/ddl/commandToken/create/9611986325896916243/0">>} ->
[{'_vclock',[{<<"809ca823974d9231aa4400d5407944e4">>,{2,63719691940}}]}|
 '_deleted']
[ns_server:debug,2019-03-13T10:25:40.054Z,couchdb_ns_1@127.0.0.1:ns_config_log<0.220.0>:ns_config_log:log_common:227]config change:
{local_changes_count,<<"809ca823974d9231aa4400d5407944e4">>} ->
[{'_vclock',[{<<"809ca823974d9231aa4400d5407944e4">>,{38,63719691940}}]}]
[ns_server:debug,2019-03-13T10:25:40.055Z,couchdb_ns_1@127.0.0.1:ns_config_log<0.220.0>:ns_config_log:log_common:227]config change:
{metakv,<<"/indexing/ddl/commandToken/build/5070926143484941682">>} ->
[{'_vclock',[{<<"809ca823974d9231aa4400d5407944e4">>,{1,63719691940}}]}|
 <<"{\"Name\":\"\",\"Bucket\":\"\",\"DefnId\":5070926143484941682}">>]
[ns_server:debug,2019-03-13T10:25:40.060Z,couchdb_ns_1@127.0.0.1:ns_config_log<0.220.0>:ns_config_log:log_common:227]config change:
{local_changes_count,<<"809ca823974d9231aa4400d5407944e4">>} ->
[{'_vclock',[{<<"809ca823974d9231aa4400d5407944e4">>,{39,63719691940}}]}]
[ns_server:debug,2019-03-13T10:25:40.062Z,couchdb_ns_1@127.0.0.1:ns_config_log<0.220.0>:ns_config_log:log_common:227]config change:
{metakv,<<"/indexing/ddl/commandToken/create/16489805899542037717/0">>} ->
[{'_vclock',[{<<"809ca823974d9231aa4400d5407944e4">>,{2,63719691940}}]}|
 '_deleted']
[ns_server:info,2019-03-13T10:25:50.594Z,couchdb_ns_1@127.0.0.1:<0.434.0>:ns_couchdb_api:handle_rpc:259]Cleaning up indexes for bucket `main-bucket`
[ns_server:info,2019-03-13T10:26:20.678Z,couchdb_ns_1@127.0.0.1:<0.544.0>:ns_couchdb_api:handle_rpc:259]Cleaning up indexes for bucket `main-bucket`
[ns_server:info,2019-03-13T10:26:50.695Z,couchdb_ns_1@127.0.0.1:<0.654.0>:ns_couchdb_api:handle_rpc:259]Cleaning up indexes for bucket `main-bucket`
[ns_server:info,2019-03-13T10:27:20.705Z,couchdb_ns_1@127.0.0.1:<0.764.0>:ns_couchdb_api:handle_rpc:259]Cleaning up indexes for bucket `main-bucket`
