[ns_doctor:debug,2019-03-13T10:24:50.204Z,ns_1@127.0.0.1:ns_doctor<0.295.0>:ns_doctor:handle_info:182]Got initial status:
[{'ns_1@127.0.0.1',
     [{last_heard,1552472690204042},
      {now,1552472690168170},
      {active_buckets,[]},
      {ready_buckets,[]},
      {status_latency,35178},
      {outgoing_replications_safeness_level,[]},
      {incoming_replications_conf_hashes,[]},
      {local_tasks,[]},
      {memory,
          [{total,119928856},
           {processes,13055352},
           {processes_used,13044024},
           {system,106873504},
           {atom,504409},
           {atom_used,494110},
           {binary,379224},
           {code,12232762},
           {ets,2510264}]},
      {cpu_count,4},
      {system_memory_data,
          [{system_total_memory,8360677376},
           {free_swap,1073737728},
           {total_swap,1073737728},
           {cached_memory,3758338048},
           {buffered_memory,993841152},
           {free_memory,547987456},
           {total_memory,8360677376}]},
      {node_storage_conf,
          [{db_path,"/opt/couchbase/var/lib/couchbase/data"},
           {index_path,"/opt/couchbase/var/lib/couchbase/data"}]},
      {statistics,
          [{wall_clock,{11401,34}},
           {context_switches,{31680,0}},
           {garbage_collection,{6794,35986216,0}},
           {io,{{input,6739263},{output,620704}}},
           {reductions,{22882764,145392}},
           {run_queue,0},
           {runtime,{3410,40}},
           {run_queues,{0,0,0,0}}]},
      {system_stats,
          [{cpu_utilization_rate,0},
           {swap_total,0},
           {swap_used,0},
           {mem_total,0},
           {mem_free,0}]},
      {interesting_stats,[]},
      {per_bucket_interesting_stats,[]},
      {processes_stats,[]},
      {cluster_compatibility_version,1},
      {version,
          [{lhttpc,"1.3.0"},
           {os_mon,"2.2.14"},
           {public_key,"0.21"},
           {asn1,"2.0.4"},
           {kernel,"2.16.4"},
           {ale,"6.0.0-1693-community"},
           {inets,"5.9.8"},
           {ns_server,"6.0.0-1693-community"},
           {crypto,"3.2"},
           {ssl,"5.3.3"},
           {sasl,"2.3.4"},
           {stdlib,"1.19.4"}]},
      {supported_compat_version,[6,0]},
      {advertised_version,[6,0,0]},
      {system_arch,"x86_64-unknown-linux-gnu"},
      {wall_clock,11},
      {memory_data,{8360677376,7693180928,{<0.124.0>,3147272}}},
      {disk_data,
          [{"/",61255492,18},
           {"/dev",65536,0},
           {"/sys/fs/cgroup",4082360,0},
           {"/etc/resolv.conf",61255492,18},
           {"/etc/hostname",61255492,18},
           {"/etc/hosts",61255492,18},
           {"/dev/shm",65536,0},
           {"/opt/couchbase/var",488347692,92},
           {"/proc/acpi",4082360,0},
           {"/proc/kcore",65536,0},
           {"/proc/keys",65536,0},
           {"/proc/timer_list",65536,0},
           {"/proc/sched_debug",65536,0},
           {"/sys/firmware",4082360,0}]},
      {meminfo,
          <<"MemTotal:        8164724 kB\nMemFree:          535640 kB\nMemAvailable:    5170260 kB\nBuffers:          970548 kB\nCached:          3670252 kB\nSwapCached:            0 kB\nActive:          3953304 kB\nInactive:        3242468 kB\nActive(anon):    2450980 kB\nInactive(anon):   105428 kB\nActive(file):    1502324 kB\nInactive(file):  3137040 kB\nUnevictable:           0 kB\nMlocked:               0 kB\nSwapTotal:       1048572 kB\nSwapFree:        1048572 kB\nDirty:                 0 kB\nWriteback:             0 kB\nAnonPages:       2543872 kB\nMapped:           284924 kB\nShmem:              1440 kB\nSlab:             356656 kB\nSReclaimable:     301184 kB\nSUnreclaim:        55472 kB\nKernelStack:       15504 kB\nPageTables:        11552 kB\nNFS_Unstable:          0 kB\nBounce:                0 kB\nWritebackTmp:          0 kB\nCommitLimit:     5130932 kB\nCommitted_AS:    4239268 kB\nVmallocTotal:   34359738367 kB\nVmallocUsed:           0 kB\nVmallocChunk:          0 kB\nAnonHugePages:         0 kB\nShmemHugePages:        0 kB\nShmemPmdMapped:        0 kB\nHugePages_Total:       0\nHugePages_Free:        0\nHugePages_Rsvd:        0\nHugePages_Surp:        0\nHugepagesize:       2048 kB\nDirectMap4k:      148908 kB\nDirectMap2M:     7190528 kB\nDirectMap1G:     3145728 kB\n">>}]}]
[stats:warn,2019-03-13T10:24:52.755Z,ns_1@127.0.0.1:<0.402.0>:base_stats_collector:latest_tick:69](Collector: global_stats_collector) Dropped 1 ticks
[stats:error,2019-03-13T10:24:55.423Z,ns_1@127.0.0.1:<0.349.0>:stats_reader:log_bad_responses:233]Some nodes didn't respond: ['ns_1@127.0.0.1']
[stats:debug,2019-03-13T10:24:55.770Z,ns_1@127.0.0.1:<0.929.0>:stats_collector:log_stats:111](at {{2019,3,13},{10,24,55}} (1552472695748)) Stats for bucket "main-bucket":
ep_dcp_2i_backoff             0
ep_dcp_2i_count               0
ep_dcp_2i_items_remaining     0
ep_dcp_2i_items_sent          0
ep_dcp_2i_producer_count      0
ep_dcp_2i_total_backlog_size  0
ep_dcp_2i_total_bytes         0
ep_dcp_cbas_backoff           0
ep_dcp_cbas_count             0
ep_dcp_cbas_items_remaining   0
ep_dcp_cbas_items_sent        0
ep_dcp_cbas_producer_count    0
ep_dcp_cbas_total_backlog_size 0
ep_dcp_cbas_total_bytes       0
ep_dcp_fts_backoff            0
ep_dcp_fts_count              0
ep_dcp_fts_items_remaining    0
ep_dcp_fts_items_sent         0
ep_dcp_fts_producer_count     0
ep_dcp_fts_total_backlog_size 0
ep_dcp_fts_total_bytes        0
ep_dcp_other_backoff          0
ep_dcp_other_count            0
ep_dcp_other_items_remaining  0
ep_dcp_other_items_sent       0
ep_dcp_other_producer_count   0
ep_dcp_other_total_backlog_size 0
ep_dcp_other_total_bytes      0
ep_dcp_replica_backoff        0
ep_dcp_replica_count          0
ep_dcp_replica_items_remaining 0
ep_dcp_replica_items_sent     0
ep_dcp_replica_producer_count 0
ep_dcp_replica_total_backlog_size 0
ep_dcp_replica_total_bytes    0
ep_dcp_views_backoff          0
ep_dcp_views_count            0
ep_dcp_views_items_remaining  0
ep_dcp_views_items_sent       0
ep_dcp_views_producer_count   0
ep_dcp_views_total_backlog_size 0
ep_dcp_views_total_bytes      0
ep_dcp_xdcr_backoff           0
ep_dcp_xdcr_count             0
ep_dcp_xdcr_items_remaining   0
ep_dcp_xdcr_items_sent        0
ep_dcp_xdcr_producer_count    0
ep_dcp_xdcr_total_backlog_size 0
ep_dcp_xdcr_total_bytes       0
accepting_conns               1
auth_cmds                     0
auth_errors                   0
bytes                         1346856
bytes_read                    929
bytes_subdoc_lookup_extracted 0
bytes_subdoc_lookup_total     0
bytes_subdoc_mutation_inserted 0
bytes_subdoc_mutation_total   0
bytes_written                 832
cas_badval                    0
cas_hits                      0
cas_misses                    0
cmd_flush                     0
cmd_get                       0
cmd_lock                      0
cmd_lookup_10s_count          0
cmd_lookup_10s_duration_us    0
cmd_mutation_10s_count        0
cmd_mutation_10s_duration_us  0
cmd_set                       0
cmd_subdoc_lookup             0
cmd_subdoc_mutation           0
cmd_total_gets                0
cmd_total_ops                 0
cmd_total_sets                0
conn_yields                   0
connection_structures         8
curr_connections              12
curr_conns_on_port_11209      10
curr_conns_on_port_11210      2
curr_items                    0
curr_items_tot                0
curr_temp_items               0
daemon_connections            4
decr_hits                     0
decr_misses                   0
delete_hits                   0
delete_misses                 0
ep_access_scanner_enabled     true
ep_access_scanner_last_runtime 0
ep_access_scanner_num_items   0
ep_access_scanner_task_time   2019-03-14 02:00:00
ep_active_ahead_exceptions    0
ep_active_behind_exceptions   0
ep_active_datatype_json       0
ep_active_datatype_json,xattr 0
ep_active_datatype_raw        0
ep_active_datatype_snappy     0
ep_active_datatype_snappy,json 0
ep_active_datatype_snappy,json,xattr 0
ep_active_datatype_snappy,xattr 0
ep_active_datatype_xattr      0
ep_active_hlc_drift           0
ep_active_hlc_drift_count     0
ep_alog_block_size            4096
ep_alog_max_stored_items      1024
ep_alog_path                  /opt/couchbase/var/lib/couchbase/data/main-bucket/access.log
ep_alog_resident_ratio_threshold 95
ep_alog_sleep_time            1440
ep_alog_task_time             2
ep_backend                    couchdb
ep_backfill_mem_threshold     96
ep_bfilter_enabled            true
ep_bfilter_fp_prob            0.01
ep_bfilter_key_count          10000
ep_bfilter_residency_threshold 0.1
ep_bg_fetch_avg_read_amplification 0
ep_bg_fetch_delay             0
ep_bg_fetched                 0
ep_bg_meta_fetched            0
ep_bg_remaining_items         0
ep_bg_remaining_jobs          0
ep_blob_num                   0
ep_blob_overhead              0
ep_bucket_priority            LOW
ep_bucket_type                persistent
ep_cache_size                 268435456
ep_checkpoint_memory          0
ep_checkpoint_memory_overhead 0
ep_checkpoint_memory_unreferenced 0
ep_chk_max_items              10000
ep_chk_period                 5
ep_chk_persistence_remains    0
ep_chk_persistence_timeout    10
ep_chk_remover_stime          5
ep_clock_cas_drift_threshold_exceeded 0
ep_collections_max_size       1000
ep_collections_prototype_enabled false
ep_commit_num                 0
ep_commit_time                0
ep_commit_time_total          0
ep_compaction_exp_mem_threshold 85
ep_compaction_write_queue_cap 10000
ep_compression_mode           off
ep_config_file                
ep_conflict_resolution_type   seqno
ep_connection_manager_interval 1
ep_couch_bucket               main-bucket
ep_cursor_dropping_checkpoint_mem_lower_mark 30
ep_cursor_dropping_checkpoint_mem_upper_mark 50
ep_cursor_dropping_lower_mark 80
ep_cursor_dropping_lower_threshold 214748364
ep_cursor_dropping_upper_mark 95
ep_cursor_dropping_upper_threshold 255013683
ep_cursor_memory_freed        0
ep_cursors_dropped            0
ep_data_read_failed           0
ep_data_traffic_enabled       false
ep_data_write_failed          0
ep_db_data_size               0
ep_db_file_size               0
ep_dbname                     /opt/couchbase/var/lib/couchbase/data/main-bucket
ep_dcp_backfill_byte_limit    20972856
ep_dcp_conn_buffer_size       10485760
ep_dcp_conn_buffer_size_aggr_mem_threshold 10
ep_dcp_conn_buffer_size_aggressive_perc 5
ep_dcp_conn_buffer_size_max   52428800
ep_dcp_conn_buffer_size_perc  1
ep_dcp_consumer_process_buffered_messages_batch_size 10
ep_dcp_consumer_process_buffered_messages_yield_limit 10
ep_dcp_enable_noop            true
ep_dcp_ephemeral_backfill_type buffered
ep_dcp_flow_control_policy    aggressive
ep_dcp_idle_timeout           360
ep_dcp_max_unacked_bytes      524288
ep_dcp_min_compression_ratio  0.85
ep_dcp_noop_mandatory_for_v5_features true
ep_dcp_noop_tx_interval       1
ep_dcp_producer_snapshot_marker_yield_limit 10
ep_dcp_scan_byte_limit        4194304
ep_dcp_scan_item_limit        4096
ep_dcp_takeover_max_time      60
ep_defragmenter_age_threshold 10
ep_defragmenter_chunk_duration 20
ep_defragmenter_enabled       true
ep_defragmenter_interval      10
ep_defragmenter_num_moved     0
ep_defragmenter_num_visited   0
ep_degraded_mode              true
ep_diskqueue_drain            0
ep_diskqueue_fill             0
ep_diskqueue_items            0
ep_diskqueue_memory           0
ep_diskqueue_pending          0
ep_enable_chk_merge           false
ep_exp_pager_enabled          true
ep_exp_pager_initial_run_time -1
ep_exp_pager_stime            3600
ep_expired_access             0
ep_expired_compactor          0
ep_expired_pager              0
ep_expiry_pager_task_time     2019-03-13 11:24:55
ep_failpartialwarmup          false
ep_flush_all                  false
ep_flush_duration_total       0
ep_flusher_batch_split_trigger 1000000
ep_flusher_state              running
ep_flusher_todo               0
ep_fsync_after_every_n_bytes_written 16777216
ep_getl_default_timeout       15
ep_getl_max_timeout           30
ep_hlc_drift_ahead_threshold_us 5000000
ep_hlc_drift_behind_threshold_us 5000000
ep_ht_eviction_policy         hifi_mfu
ep_ht_locks                   47
ep_ht_resize_interval         1
ep_ht_size                    47
ep_initfile                   
ep_io_bg_fetch_read_count     0
ep_io_compaction_read_bytes   0
ep_io_compaction_write_bytes  0
ep_io_total_read_bytes        0
ep_io_total_write_bytes       0
ep_item_begin_failed          0
ep_item_commit_failed         0
ep_item_compressor_chunk_duration 20
ep_item_compressor_interval   250
ep_item_compressor_num_compressed 0
ep_item_compressor_num_visited 0
ep_item_eviction_age_percentage 30
ep_item_eviction_freq_counter_age_threshold 1
ep_item_eviction_policy       value_only
ep_item_flush_expired         0
ep_item_flush_failed          0
ep_item_freq_decayer_chunk_duration 20
ep_item_freq_decayer_percent  50
ep_item_num                   0
ep_item_num_based_new_chk     true
ep_items_rm_from_checkpoints  0
ep_keep_closed_chks           false
ep_kv_size                    0
ep_max_bg_remaining_jobs      0
ep_max_checkpoints            2
ep_max_failover_entries       25
ep_max_item_privileged_bytes  1048576
ep_max_item_size              20971520
ep_max_num_shards             4
ep_max_num_workers            3
ep_max_size                   268435456
ep_max_threads                0
ep_max_ttl                    0
ep_max_vbuckets               1024
ep_mem_high_wat               228170137
ep_mem_high_wat_percent       0.85
ep_mem_low_wat                201326592
ep_mem_low_wat_percent        0.75
ep_mem_tracker_enabled        true
ep_mem_used_merge_threshold_percent 0.5
ep_meta_data_disk             0
ep_meta_data_memory           0
ep_min_compression_ratio      1.2
ep_mutation_mem_threshold     93
ep_num_access_scanner_runs    0
ep_num_access_scanner_skips   0
ep_num_auxio_threads          0
ep_num_eject_failures         0
ep_num_expiry_pager_runs      0
ep_num_freq_decayer_runs      1
ep_num_non_resident           0
ep_num_nonio_threads          0
ep_num_not_my_vbuckets        0
ep_num_ops_del_meta           0
ep_num_ops_del_meta_res_fail  0
ep_num_ops_del_ret_meta       0
ep_num_ops_get_meta           0
ep_num_ops_get_meta_on_set_meta 0
ep_num_ops_set_meta           0
ep_num_ops_set_meta_res_fail  0
ep_num_ops_set_ret_meta       0
ep_num_pager_runs             0
ep_num_reader_threads         0
ep_num_value_ejects           0
ep_num_workers                12
ep_num_writer_threads         0
ep_oom_errors                 0
ep_overhead                   664
ep_pager_active_vb_pcnt       40
ep_pager_sleep_time_ms        5000
ep_pending_compactions        0
ep_pending_ops                0
ep_pending_ops_max            0
ep_pending_ops_max_duration   0
ep_pending_ops_total          0
ep_persist_vbstate_total      0
ep_postInitfile               
ep_queue_size                 0
ep_replica_ahead_exceptions   0
ep_replica_behind_exceptions  0
ep_replica_datatype_json      0
ep_replica_datatype_json,xattr 0
ep_replica_datatype_raw       0
ep_replica_datatype_snappy    0
ep_replica_datatype_snappy,json 0
ep_replica_datatype_snappy,json,xattr 0
ep_replica_datatype_snappy,xattr 0
ep_replica_datatype_xattr     0
ep_replica_hlc_drift          0
ep_replica_hlc_drift_count    0
ep_replication_throttle_cap_pcnt 10
ep_replication_throttle_queue_cap -1
ep_replication_throttle_threshold 99
ep_rocksdb_bbt_options        block_size=16384,cache_index_and_filter_blocks=true,pin_l0_filter_and_index_blocks_in_cache=true,cache_index_and_filter_blocks_with_high_priority=true,index_type=kTwoLevelIndexSearch,partition_filters=true
ep_rocksdb_block_cache_high_pri_pool_ratio 0.9
ep_rocksdb_block_cache_ratio  0.1
ep_rocksdb_cf_options         
ep_rocksdb_default_cf_optimize_compaction none
ep_rocksdb_high_pri_background_threads 0
ep_rocksdb_low_pri_background_threads 0
ep_rocksdb_memtables_ratio    0.1
ep_rocksdb_options            bytes_per_sync=1048576,stats_dump_period_sec=600
ep_rocksdb_seqno_cf_optimize_compaction none
ep_rocksdb_stats_level        kExceptTimeForMutex
ep_rocksdb_uc_max_size_amplification_percent 200
ep_rocksdb_write_rate_limit   0
ep_rollback_count             0
ep_startup_time               1552472695
ep_storage_age                0
ep_storage_age_highwat        0
ep_storedval_num              0
ep_storedval_overhead         0
ep_storedval_size             0
ep_time_synchronization       disabled
ep_tmp_oom_errors             0
ep_total_cache_size           0
ep_total_del_items            0
ep_total_enqueued             0
ep_total_new_items            0
ep_total_persisted            0
ep_uncommitted_items          0
ep_uuid                       74fdafa75a3427824a57ff13d8c62f4b
ep_value_size                 0
ep_vb0                        false
ep_vb_backfill_queue_size     0
ep_vb_total                   0
ep_vbucket_del                0
ep_vbucket_del_fail           0
ep_waitforwarmup              false
ep_warmup                     true
ep_warmup_batch_size          10000
ep_warmup_dups                0
ep_warmup_min_items_threshold 100
ep_warmup_min_memory_threshold 100
ep_warmup_oom                 0
ep_warmup_thread              complete
ep_warmup_time                6333
ep_workload_pattern           read_heavy
ep_xattr_enabled              true
get_hits                      0
get_misses                    0
incr_hits                     0
incr_misses                   0
iovused_high_watermark        1
libevent                      2.1.8-beta
listen_disabled_num           0
lock_errors                   0
max_conns_on_port_11209       5000
max_conns_on_port_11210       30000
mem_used                      1346856
mem_used_estimate             1346856
memcached_version             d0c17cc8a803812c2d2a304479cc3a0b200c9aba
msgused_high_watermark        1
pid                           277
pointer_size                  64
rbufs_allocated               0
rbufs_existing                0
rbufs_loaned                  3
rejected_conns                0
rollback_item_count           0
stat_reset                    Wed Mar 13 10:24:52 2019
threads                       4
time                          1552472695
total_connections             15
total_resp_errors             0
uptime                        3
vb_active_backfill_queue_size 0
vb_active_checkpoint_memory   0
vb_active_checkpoint_memory_overhead 0
vb_active_checkpoint_memory_unreferenced 0
vb_active_curr_items          0
vb_active_eject               0
vb_active_expired             0
vb_active_hp_vb_req_size      0
vb_active_ht_memory           0
vb_active_itm_memory          0
vb_active_itm_memory_uncompressed 0
vb_active_meta_data_disk      0
vb_active_meta_data_memory    0
vb_active_num                 0
vb_active_num_non_resident    0
vb_active_ops_create          0
vb_active_ops_delete          0
vb_active_ops_reject          0
vb_active_ops_update          0
vb_active_perc_mem_resident   100
vb_active_queue_age           0
vb_active_queue_drain         0
vb_active_queue_fill          0
vb_active_queue_memory        0
vb_active_queue_pending       0
vb_active_queue_size          0
vb_active_rollback_item_count 0
vb_dead_num                   0
vb_pending_backfill_queue_size 0
vb_pending_checkpoint_memory  0
vb_pending_checkpoint_memory_overhead 0
vb_pending_checkpoint_memory_unreferenced 0
vb_pending_curr_items         0
vb_pending_eject              0
vb_pending_expired            0
vb_pending_hp_vb_req_size     0
vb_pending_ht_memory          0
vb_pending_itm_memory         0
vb_pending_itm_memory_uncompressed 0
vb_pending_meta_data_disk     0
vb_pending_meta_data_memory   0
vb_pending_num                0
vb_pending_num_non_resident   0
vb_pending_ops_create         0
vb_pending_ops_delete         0
vb_pending_ops_reject         0
vb_pending_ops_update         0
vb_pending_perc_mem_resident  100
vb_pending_queue_age          0
vb_pending_queue_drain        0
vb_pending_queue_fill         0
vb_pending_queue_memory       0
vb_pending_queue_pending      0
vb_pending_queue_size         0
vb_pending_rollback_item_count 0
vb_replica_backfill_queue_size 0
vb_replica_checkpoint_memory  0
vb_replica_checkpoint_memory_overhead 0
vb_replica_checkpoint_memory_unreferenced 0
vb_replica_curr_items         0
vb_replica_eject              0
vb_replica_expired            0
vb_replica_hp_vb_req_size     0
vb_replica_ht_memory          0
vb_replica_itm_memory         0
vb_replica_itm_memory_uncompressed 0
vb_replica_meta_data_disk     0
vb_replica_meta_data_memory   0
vb_replica_num                0
vb_replica_num_non_resident   0
vb_replica_ops_create         0
vb_replica_ops_delete         0
vb_replica_ops_reject         0
vb_replica_ops_update         0
vb_replica_perc_mem_resident  100
vb_replica_queue_age          0
vb_replica_queue_drain        0
vb_replica_queue_fill         0
vb_replica_queue_memory       0
vb_replica_queue_pending      0
vb_replica_queue_size         0
vb_replica_rollback_item_count 0
version                       6.0.0-1693
wbufs_allocated               0
wbufs_existing                0
wbufs_loaned                  3

[ns_doctor:debug,2019-03-13T10:25:49.963Z,ns_1@127.0.0.1:ns_doctor<0.295.0>:ns_doctor:handle_info:186]Current node statuses:
[{'ns_1@127.0.0.1',
     [{last_heard,1552472745028770},
      {now,1552472744934573},
      {active_buckets,["main-bucket"]},
      {ready_buckets,["main-bucket"]},
      {status_latency,92476},
      {outgoing_replications_safeness_level,[{"main-bucket",green}]},
      {incoming_replications_conf_hashes,[{"main-bucket",[]}]},
      {{service_status,index},[{connected,true},{needs_rebalance,false}]},
      {local_tasks,[]},
      {memory,
          [{total,158326112},
           {processes,40291264},
           {processes_used,40250416},
           {system,118034848},
           {atom,736153},
           {atom_used,719033},
           {binary,4307680},
           {code,16412208},
           {ets,4770896}]},
      {cpu_count,4},
      {system_memory_data,
          [{system_total_memory,8360677376},
           {free_swap,1073737728},
           {total_swap,1073737728},
           {cached_memory,3646427136},
           {buffered_memory,993857536},
           {free_memory,232873984},
           {total_memory,8360677376}]},
      {node_storage_conf,
          [{db_path,"/opt/couchbase/var/lib/couchbase/data"},
           {index_path,"/opt/couchbase/var/lib/couchbase/data"}]},
      {statistics,
          [{wall_clock,{66213,5047}},
           {context_switches,{116342,0}},
           {garbage_collection,{25770,129399772,0}},
           {io,{{input,14047783},{output,8694665}}},
           {reductions,{63085174,6271703}},
           {run_queue,0},
           {runtime,{13280,1550}},
           {run_queues,{0,0,0,0}}]},
      {system_stats,
          [{cpu_utilization_rate,89.92042440318302},
           {swap_total,1073737728},
           {swap_used,0},
           {mem_total,8360677376},
           {mem_free,4874186752}]},
      {interesting_stats,
          [{cmd_get,0.0},
           {couch_docs_actual_disk_size,4254080},
           {couch_docs_data_size,4241408},
           {couch_spatial_data_size,0},
           {couch_spatial_disk_size,0},
           {couch_views_actual_disk_size,0},
           {couch_views_data_size,0},
           {curr_items,0},
           {curr_items_tot,0},
           {ep_bg_fetched,0.0},
           {get_hits,0.0},
           {mem_used,23213192},
           {ops,0.0},
           {vb_active_num_non_resident,0},
           {vb_replica_curr_items,0}]},
      {per_bucket_interesting_stats,
          [{"main-bucket",
            [{cmd_get,0.0},
             {couch_docs_actual_disk_size,4254080},
             {couch_docs_data_size,4241408},
             {couch_spatial_data_size,0},
             {couch_spatial_disk_size,0},
             {couch_views_actual_disk_size,0},
             {couch_views_data_size,0},
             {curr_items,0},
             {curr_items_tot,0},
             {ep_bg_fetched,0.0},
             {get_hits,0.0},
             {mem_used,23213192},
             {ops,0.0},
             {vb_active_num_non_resident,0},
             {vb_replica_curr_items,0}]}]},
      {processes_stats,
          [{<<"sigar_port/mem_size">>,8826880},
           {<<"sigar_port/mem_resident">>,827392},
           {<<"sigar_port/major_faults_raw">>,0},
           {<<"sigar_port/cpu_utilization">>,1},
           {<<"saslauthd-port/mem_size">>,40493056},
           {<<"saslauthd-port/mem_resident">>,6131712},
           {<<"saslauthd-port/major_faults_raw">>,0},
           {<<"saslauthd-port/cpu_utilization">>,0},
           {<<"projector/mem_size">>,496070656},
           {<<"projector/mem_resident">>,56164352},
           {<<"projector/major_faults_raw">>,0},
           {<<"projector/cpu_utilization">>,70},
           {<<"ns_server/mem_size">>,1722269696},
           {<<"ns_server/mem_resident">>,164352000},
           {<<"ns_server/major_faults_raw">>,0},
           {<<"ns_server/cpu_utilization">>,41},
           {<<"memcached/mem_size">>,1713197056},
           {<<"memcached/mem_resident">>,303878144},
           {<<"memcached/major_faults_raw">>,9},
           {<<"memcached/cpu_utilization">>,55},
           {<<"indexer/mem_size">>,954351616},
           {<<"indexer/mem_resident">>,65851392},
           {<<"indexer/major_faults_raw">>,0},
           {<<"indexer/cpu_utilization">>,20},
           {<<"goxdcr/mem_size">>,215326720},
           {<<"goxdcr/mem_resident">>,11522048},
           {<<"goxdcr/major_faults_raw">>,0},
           {<<"goxdcr/cpu_utilization">>,0},
           {<<"goport/mem_size">>,28737536},
           {<<"goport/mem_resident">>,10715136},
           {<<"goport/major_faults_raw">>,0},
           {<<"goport/cpu_utilization">>,55},
           {<<"godu/mem_size">>,11886592},
           {<<"godu/mem_resident">>,5836800},
           {<<"godu/major_faults_raw">>,0},
           {<<"godu/cpu_utilization">>,0},
           {<<"couchdb/mem_size">>,1182498816},
           {<<"couchdb/mem_resident">>,102428672},
           {<<"couchdb/major_faults_raw">>,0},
           {<<"couchdb/cpu_utilization">>,1},
           {<<"cbq-engine/mem_size">>,355598336},
           {<<"cbq-engine/mem_resident">>,33533952},
           {<<"cbq-engine/major_faults_raw">>,0},
           {<<"cbq-engine/cpu_utilization">>,6},
           {<<"babysitter/mem_size">>,1418829824},
           {<<"babysitter/mem_resident">>,81195008},
           {<<"babysitter/major_faults_raw">>,0},
           {<<"babysitter/cpu_utilization">>,48}]},
      {cluster_compatibility_version,393216},
      {version,
          [{lhttpc,"1.3.0"},
           {os_mon,"2.2.14"},
           {public_key,"0.21"},
           {asn1,"2.0.4"},
           {kernel,"2.16.4"},
           {ale,"6.0.0-1693-community"},
           {inets,"5.9.8"},
           {ns_server,"6.0.0-1693-community"},
           {crypto,"3.2"},
           {ssl,"5.3.3"},
           {sasl,"2.3.4"},
           {stdlib,"1.19.4"}]},
      {supported_compat_version,[6,0]},
      {advertised_version,[6,0,0]},
      {system_arch,"x86_64-unknown-linux-gnu"},
      {wall_clock,66},
      {memory_data,{8360677376,8227586048,{<0.157.0>,4119536}}},
      {disk_data,
          [{"/",61255492,18},
           {"/dev",65536,0},
           {"/sys/fs/cgroup",4082360,0},
           {"/etc/resolv.conf",61255492,18},
           {"/etc/hostname",61255492,18},
           {"/etc/hosts",61255492,18},
           {"/dev/shm",65536,0},
           {"/opt/couchbase/var",488347692,92},
           {"/proc/acpi",4082360,0},
           {"/proc/kcore",65536,0},
           {"/proc/keys",65536,0},
           {"/proc/timer_list",65536,0},
           {"/proc/sched_debug",65536,0},
           {"/sys/firmware",4082360,0}]},
      {meminfo,
          <<"MemTotal:        8164724 kB\nMemFree:          227416 kB\nMemAvailable:    4726196 kB\nBuffers:          970564 kB\nCached:          3560956 kB\nSwapCached:            0 kB\nActive:          4365216 kB\nInactive:        3158548 kB\nActive(anon):    2883260 kB\nInactive(anon):   110420 kB\nActive(file):    1481956 kB\nInactive(file):  3048128 kB\nUnevictable:           0 kB\nMlocked:               0 kB\nSwapTotal:       1048572 kB\nSwapFree:        1048572 kB\nDirty:               216 kB\nWriteback:             0 kB\nAnonPages:       2981076 kB\nMapped:           349188 kB\nShmem:              1436 kB\nSlab:             330956 kB\nSReclaimable:     274624 kB\nSUnreclaim:        56332 kB\nKernelStack:       17216 kB\nPageTables:        13732 kB\nNFS_Unstable:          0 kB\nBounce:                0 kB\nWritebackTmp:          0 kB\nCommitLimit:     5130932 kB\nCommitted_AS:    5132296 kB\nVmallocTotal:   34359738367 kB\nVmallocUsed:           0 kB\nVmallocChunk:          0 kB\nAnonHugePages:         0 kB\nShmemHugePages:        0 kB\nShmemPmdMapped:        0 kB\nHugePages_Total:       0\nHugePages_Free:        0\nHugePages_Rsvd:        0\nHugePages_Surp:        0\nHugepagesize:       2048 kB\nDirectMap4k:      148908 kB\nDirectMap2M:     7190528 kB\nDirectMap1G:     3145728 kB\n">>}]}]
[stats:debug,2019-03-13T10:26:36.777Z,ns_1@127.0.0.1:<0.929.0>:stats_collector:log_stats:111](at {{2019,3,13},{10,26,36}} (1552472796738)) Stats for bucket "main-bucket":
ep_dcp_2i_backoff             0.0
ep_dcp_2i_count               5
ep_dcp_2i_items_remaining     0
ep_dcp_2i_items_sent          0.0
ep_dcp_2i_producer_count      5
ep_dcp_2i_total_backlog_size  0
ep_dcp_2i_total_bytes         0.0
ep_dcp_cbas_backoff           0.0
ep_dcp_cbas_count             0
ep_dcp_cbas_items_remaining   0
ep_dcp_cbas_items_sent        0.0
ep_dcp_cbas_producer_count    0
ep_dcp_cbas_total_backlog_size 0
ep_dcp_cbas_total_bytes       0.0
ep_dcp_fts_backoff            0.0
ep_dcp_fts_count              0
ep_dcp_fts_items_remaining    0
ep_dcp_fts_items_sent         0.0
ep_dcp_fts_producer_count     0
ep_dcp_fts_total_backlog_size 0
ep_dcp_fts_total_bytes        0.0
ep_dcp_other_backoff          0.0
ep_dcp_other_count            1
ep_dcp_other_items_remaining  0
ep_dcp_other_items_sent       0.0
ep_dcp_other_producer_count   1
ep_dcp_other_total_backlog_size 0
ep_dcp_other_total_bytes      0.0
ep_dcp_replica_backoff        0.0
ep_dcp_replica_count          0
ep_dcp_replica_items_remaining 0
ep_dcp_replica_items_sent     0.0
ep_dcp_replica_producer_count 0
ep_dcp_replica_total_backlog_size 0
ep_dcp_replica_total_bytes    0.0
ep_dcp_views_backoff          0.0
ep_dcp_views_count            0
ep_dcp_views_items_remaining  0
ep_dcp_views_items_sent       0.0
ep_dcp_views_producer_count   0
ep_dcp_views_total_backlog_size 0
ep_dcp_views_total_bytes      0.0
ep_dcp_xdcr_backoff           0.0
ep_dcp_xdcr_count             0
ep_dcp_xdcr_items_remaining   0
ep_dcp_xdcr_items_sent        0.0
ep_dcp_xdcr_producer_count    0
ep_dcp_xdcr_total_backlog_size 0
ep_dcp_xdcr_total_bytes       0.0
accepting_conns               1
auth_cmds                     0
auth_errors                   0
bytes                         25650456
bytes_read                    320423
bytes_subdoc_lookup_extracted 0
bytes_subdoc_lookup_total     0
bytes_subdoc_mutation_inserted 0
bytes_subdoc_mutation_total   0
bytes_written                 9755154
cas_badval                    0
cas_hits                      1
cas_misses                    0
cmd_flush                     0
cmd_get                       2056
cmd_lock                      0
cmd_lookup_10s_count          0
cmd_lookup_10s_duration_us    0
cmd_mutation_10s_count        0
cmd_mutation_10s_duration_us  0
cmd_set                       3
cmd_subdoc_lookup             0
cmd_subdoc_mutation           0
cmd_total_gets                2056
cmd_total_ops                 2061
cmd_total_sets                5
conn_yields                   204
connection_structures         13
curr_connections              17
curr_conns_on_port_11209      8
curr_conns_on_port_11210      9
curr_items                    4
curr_items_tot                4
curr_temp_items               0
daemon_connections            4
decr_hits                     0
decr_misses                   0
delete_hits                   0
delete_misses                 0
ep_access_scanner_enabled     true
ep_access_scanner_last_runtime 0
ep_access_scanner_num_items   0
ep_access_scanner_task_time   2019-03-14 02:00:00
ep_active_ahead_exceptions    0
ep_active_behind_exceptions   0
ep_active_datatype_json       3
ep_active_datatype_json,xattr 0
ep_active_datatype_raw        1
ep_active_datatype_snappy     0
ep_active_datatype_snappy,json 0
ep_active_datatype_snappy,json,xattr 0
ep_active_datatype_snappy,xattr 0
ep_active_datatype_xattr      0
ep_active_hlc_drift           0
ep_active_hlc_drift_count     0
ep_alog_block_size            4096
ep_alog_max_stored_items      1024
ep_alog_path                  /opt/couchbase/var/lib/couchbase/data/main-bucket/access.log
ep_alog_resident_ratio_threshold 95
ep_alog_sleep_time            1440
ep_alog_task_time             2
ep_backend                    couchdb
ep_backfill_mem_threshold     96
ep_bfilter_enabled            true
ep_bfilter_fp_prob            0.01
ep_bfilter_key_count          10000
ep_bfilter_residency_threshold 0.1
ep_bg_fetch_avg_read_amplification 0
ep_bg_fetch_delay             0
ep_bg_fetched                 0
ep_bg_meta_fetched            0
ep_bg_remaining_items         0
ep_bg_remaining_jobs          0
ep_blob_num                   4
ep_blob_overhead              21
ep_bucket_priority            LOW
ep_bucket_type                persistent
ep_cache_size                 268435456
ep_checkpoint_memory          362012
ep_checkpoint_memory_overhead 116572
ep_checkpoint_memory_unreferenced 0
ep_chk_max_items              10000
ep_chk_period                 5
ep_chk_persistence_remains    0
ep_chk_persistence_timeout    10
ep_chk_remover_stime          5
ep_clock_cas_drift_threshold_exceeded 0
ep_collections_max_size       1000
ep_collections_prototype_enabled false
ep_commit_num                 5
ep_commit_time                43
ep_commit_time_total          169
ep_compaction_exp_mem_threshold 85
ep_compaction_write_queue_cap 10000
ep_compression_mode           off
ep_config_file                
ep_conflict_resolution_type   seqno
ep_connection_manager_interval 1
ep_couch_bucket               main-bucket
ep_cursor_dropping_checkpoint_mem_lower_mark 30
ep_cursor_dropping_checkpoint_mem_upper_mark 50
ep_cursor_dropping_lower_mark 80
ep_cursor_dropping_lower_threshold 214748364
ep_cursor_dropping_upper_mark 95
ep_cursor_dropping_upper_threshold 255013683
ep_cursor_memory_freed        0
ep_cursors_dropped            0
ep_data_read_failed           0
ep_data_traffic_enabled       false
ep_data_write_failed          0
ep_db_data_size               224137
ep_db_file_size               4262068
ep_dbname                     /opt/couchbase/var/lib/couchbase/data/main-bucket
ep_dcp_backfill_byte_limit    20972856
ep_dcp_conn_buffer_size       10485760
ep_dcp_conn_buffer_size_aggr_mem_threshold 10
ep_dcp_conn_buffer_size_aggressive_perc 5
ep_dcp_conn_buffer_size_max   52428800
ep_dcp_conn_buffer_size_perc  1
ep_dcp_consumer_process_buffered_messages_batch_size 10
ep_dcp_consumer_process_buffered_messages_yield_limit 10
ep_dcp_enable_noop            true
ep_dcp_ephemeral_backfill_type buffered
ep_dcp_flow_control_policy    aggressive
ep_dcp_idle_timeout           360
ep_dcp_max_unacked_bytes      524288
ep_dcp_min_compression_ratio  0.85
ep_dcp_noop_mandatory_for_v5_features true
ep_dcp_noop_tx_interval       1
ep_dcp_producer_snapshot_marker_yield_limit 10
ep_dcp_scan_byte_limit        4194304
ep_dcp_scan_item_limit        4096
ep_dcp_takeover_max_time      60
ep_defragmenter_age_threshold 10
ep_defragmenter_chunk_duration 20
ep_defragmenter_enabled       true
ep_defragmenter_interval      10
ep_defragmenter_num_moved     0
ep_defragmenter_num_visited   18
ep_degraded_mode              false
ep_diskqueue_drain            1029
ep_diskqueue_fill             1029
ep_diskqueue_items            0
ep_diskqueue_memory           0
ep_diskqueue_pending          0
ep_enable_chk_merge           false
ep_exp_pager_enabled          true
ep_exp_pager_initial_run_time -1
ep_exp_pager_stime            3600
ep_expired_access             0
ep_expired_compactor          0
ep_expired_pager              0
ep_expiry_pager_task_time     2019-03-13 11:24:55
ep_failpartialwarmup          false
ep_flush_all                  false
ep_flush_duration_total       14118
ep_flusher_batch_split_trigger 1000000
ep_flusher_state              running
ep_flusher_todo               0
ep_fsync_after_every_n_bytes_written 16777216
ep_getl_default_timeout       15
ep_getl_max_timeout           30
ep_hlc_drift_ahead_threshold_us 5000000
ep_hlc_drift_behind_threshold_us 5000000
ep_ht_eviction_policy         hifi_mfu
ep_ht_locks                   47
ep_ht_resize_interval         1
ep_ht_size                    47
ep_initfile                   
ep_io_bg_fetch_read_count     0
ep_io_compaction_read_bytes   0
ep_io_compaction_write_bytes  0
ep_io_total_read_bytes        20755
ep_io_total_write_bytes       317097
ep_item_begin_failed          0
ep_item_commit_failed         0
ep_item_compressor_chunk_duration 20
ep_item_compressor_interval   250
ep_item_compressor_num_compressed 0
ep_item_compressor_num_visited 0
ep_item_eviction_age_percentage 30
ep_item_eviction_freq_counter_age_threshold 1
ep_item_eviction_policy       value_only
ep_item_flush_expired         0
ep_item_flush_failed          0
ep_item_freq_decayer_chunk_duration 20
ep_item_freq_decayer_percent  50
ep_item_num                   3068
ep_item_num_based_new_chk     true
ep_items_rm_from_checkpoints  5
ep_keep_closed_chks           false
ep_kv_size                    522
ep_max_bg_remaining_jobs      0
ep_max_checkpoints            2
ep_max_failover_entries       25
ep_max_item_privileged_bytes  1048576
ep_max_item_size              20971520
ep_max_num_shards             4
ep_max_num_workers            3
ep_max_size                   268435456
ep_max_threads                0
ep_max_ttl                    0
ep_max_vbuckets               1024
ep_mem_high_wat               228170137
ep_mem_high_wat_percent       0.85
ep_mem_low_wat                201326592
ep_mem_low_wat_percent        0.75
ep_mem_tracker_enabled        true
ep_mem_used_merge_threshold_percent 0.5
ep_meta_data_disk             178
ep_meta_data_memory           282
ep_min_compression_ratio      1.2
ep_mutation_mem_threshold     93
ep_num_access_scanner_runs    0
ep_num_access_scanner_skips   0
ep_num_auxio_threads          0
ep_num_eject_failures         0
ep_num_expiry_pager_runs      0
ep_num_freq_decayer_runs      1
ep_num_non_resident           0
ep_num_nonio_threads          0
ep_num_not_my_vbuckets        0
ep_num_ops_del_meta           0
ep_num_ops_del_meta_res_fail  0
ep_num_ops_del_ret_meta       0
ep_num_ops_get_meta           0
ep_num_ops_get_meta_on_set_meta 0
ep_num_ops_set_meta           0
ep_num_ops_set_meta_res_fail  0
ep_num_ops_set_ret_meta       0
ep_num_pager_runs             0
ep_num_reader_threads         0
ep_num_value_ejects           0
ep_num_workers                12
ep_num_writer_threads         0
ep_oom_errors                 0
ep_overhead                   5001232
ep_pager_active_vb_pcnt       40
ep_pager_sleep_time_ms        5000
ep_pending_compactions        0
ep_pending_ops                0
ep_pending_ops_max            0
ep_pending_ops_max_duration   0
ep_pending_ops_total          0
ep_persist_vbstate_total      1032
ep_postInitfile               
ep_queue_size                 0
ep_replica_ahead_exceptions   0
ep_replica_behind_exceptions  0
ep_replica_datatype_json      0
ep_replica_datatype_json,xattr 0
ep_replica_datatype_raw       0
ep_replica_datatype_snappy    0
ep_replica_datatype_snappy,json 0
ep_replica_datatype_snappy,json,xattr 0
ep_replica_datatype_snappy,xattr 0
ep_replica_datatype_xattr     0
ep_replica_hlc_drift          0
ep_replica_hlc_drift_count    0
ep_replication_throttle_cap_pcnt 10
ep_replication_throttle_queue_cap -1
ep_replication_throttle_threshold 99
ep_rocksdb_bbt_options        block_size=16384,cache_index_and_filter_blocks=true,pin_l0_filter_and_index_blocks_in_cache=true,cache_index_and_filter_blocks_with_high_priority=true,index_type=kTwoLevelIndexSearch,partition_filters=true
ep_rocksdb_block_cache_high_pri_pool_ratio 0.9
ep_rocksdb_block_cache_ratio  0.1
ep_rocksdb_cf_options         
ep_rocksdb_default_cf_optimize_compaction none
ep_rocksdb_high_pri_background_threads 0
ep_rocksdb_low_pri_background_threads 0
ep_rocksdb_memtables_ratio    0.1
ep_rocksdb_options            bytes_per_sync=1048576,stats_dump_period_sec=600
ep_rocksdb_seqno_cf_optimize_compaction none
ep_rocksdb_stats_level        kExceptTimeForMutex
ep_rocksdb_uc_max_size_amplification_percent 200
ep_rocksdb_write_rate_limit   0
ep_rollback_count             0
ep_startup_time               1552472695
ep_storage_age                0
ep_storage_age_highwat        0
ep_storedval_num              4
ep_storedval_overhead         21
ep_storedval_size             320
ep_time_synchronization       disabled
ep_tmp_oom_errors             0
ep_total_cache_size           465
ep_total_del_items            0
ep_total_enqueued             1029
ep_total_new_items            4
ep_total_persisted            5
ep_uncommitted_items          0
ep_uuid                       74fdafa75a3427824a57ff13d8c62f4b
ep_value_size                 240
ep_vb0                        false
ep_vb_backfill_queue_size     0
ep_vb_total                   1024
ep_vbucket_del                0
ep_vbucket_del_fail           0
ep_waitforwarmup              false
ep_warmup                     true
ep_warmup_batch_size          10000
ep_warmup_dups                0
ep_warmup_min_items_threshold 100
ep_warmup_min_memory_threshold 100
ep_warmup_oom                 0
ep_warmup_thread              complete
ep_warmup_time                6333
ep_workload_pattern           mixed
ep_xattr_enabled              true
get_hits                      2
get_misses                    2054
incr_hits                     1
incr_misses                   0
iovused_high_watermark        3
libevent                      2.1.8-beta
listen_disabled_num           0
lock_errors                   0
max_conns_on_port_11209       5000
max_conns_on_port_11210       30000
mem_used                      25650456
mem_used_estimate             25650456
memcached_version             d0c17cc8a803812c2d2a304479cc3a0b200c9aba
msgused_high_watermark        1
pid                           277
pointer_size                  64
rbufs_allocated               5
rbufs_existing                2486
rbufs_loaned                  4837
rejected_conns                0
rollback_item_count           0
stat_reset                    Wed Mar 13 10:24:52 2019
threads                       4
time                          1552472797
total_connections             27
total_resp_errors             2054
uptime                        105
vb_active_backfill_queue_size 0
vb_active_checkpoint_memory   362012
vb_active_checkpoint_memory_overhead 116572
vb_active_checkpoint_memory_unreferenced 0
vb_active_curr_items          4
vb_active_eject               0
vb_active_expired             0
vb_active_hp_vb_req_size      0
vb_active_ht_memory           2629632
vb_active_itm_memory          465
vb_active_itm_memory_uncompressed 465
vb_active_meta_data_disk      178
vb_active_meta_data_memory    282
vb_active_num                 1024
vb_active_num_non_resident    0
vb_active_ops_create          4
vb_active_ops_delete          0
vb_active_ops_reject          0
vb_active_ops_update          1
vb_active_perc_mem_resident   100
vb_active_queue_age           0
vb_active_queue_drain         1029
vb_active_queue_fill          1029
vb_active_queue_memory        0
vb_active_queue_pending       0
vb_active_queue_size          0
vb_active_rollback_item_count 0
vb_dead_num                   0
vb_pending_backfill_queue_size 0
vb_pending_checkpoint_memory  0
vb_pending_checkpoint_memory_overhead 0
vb_pending_checkpoint_memory_unreferenced 0
vb_pending_curr_items         0
vb_pending_eject              0
vb_pending_expired            0
vb_pending_hp_vb_req_size     0
vb_pending_ht_memory          0
vb_pending_itm_memory         0
vb_pending_itm_memory_uncompressed 0
vb_pending_meta_data_disk     0
vb_pending_meta_data_memory   0
vb_pending_num                0
vb_pending_num_non_resident   0
vb_pending_ops_create         0
vb_pending_ops_delete         0
vb_pending_ops_reject         0
vb_pending_ops_update         0
vb_pending_perc_mem_resident  100
vb_pending_queue_age          0
vb_pending_queue_drain        0
vb_pending_queue_fill         0
vb_pending_queue_memory       0
vb_pending_queue_pending      0
vb_pending_queue_size         0
vb_pending_rollback_item_count 0
vb_replica_backfill_queue_size 0
vb_replica_checkpoint_memory  0
vb_replica_checkpoint_memory_overhead 0
vb_replica_checkpoint_memory_unreferenced 0
vb_replica_curr_items         0
vb_replica_eject              0
vb_replica_expired            0
vb_replica_hp_vb_req_size     0
vb_replica_ht_memory          0
vb_replica_itm_memory         0
vb_replica_itm_memory_uncompressed 0
vb_replica_meta_data_disk     0
vb_replica_meta_data_memory   0
vb_replica_num                0
vb_replica_num_non_resident   0
vb_replica_ops_create         0
vb_replica_ops_delete         0
vb_replica_ops_reject         0
vb_replica_ops_update         0
vb_replica_perc_mem_resident  100
vb_replica_queue_age          0
vb_replica_queue_drain        0
vb_replica_queue_fill         0
vb_replica_queue_memory       0
vb_replica_queue_pending      0
vb_replica_queue_size         0
vb_replica_rollback_item_count 0
version                       6.0.0-1693
wbufs_allocated               5
wbufs_existing                2486
wbufs_loaned                  4837

[ns_doctor:debug,2019-03-13T10:26:49.964Z,ns_1@127.0.0.1:ns_doctor<0.295.0>:ns_doctor:handle_info:186]Current node statuses:
[{'ns_1@127.0.0.1',
     [{last_heard,1552472809961090},
      {now,1552472809929434},
      {active_buckets,["main-bucket"]},
      {ready_buckets,["main-bucket"]},
      {status_latency,31305},
      {outgoing_replications_safeness_level,[{"main-bucket",green}]},
      {incoming_replications_conf_hashes,[{"main-bucket",[]}]},
      {{service_status,index},[{connected,true},{needs_rebalance,false}]},
      {local_tasks,[]},
      {memory,
          [{total,160974096},
           {processes,40577032},
           {processes_used,40554944},
           {system,120397064},
           {atom,736153},
           {atom_used,719174},
           {binary,5091816},
           {code,16427011},
           {ets,6332008}]},
      {cpu_count,4},
      {system_memory_data,
          [{system_total_memory,8360677376},
           {free_swap,1073737728},
           {total_swap,1073737728},
           {cached_memory,3574390784},
           {buffered_memory,993861632},
           {free_memory,295120896},
           {total_memory,8360677376}]},
      {node_storage_conf,
          [{db_path,"/opt/couchbase/var/lib/couchbase/data"},
           {index_path,"/opt/couchbase/var/lib/couchbase/data"}]},
      {statistics,
          [{wall_clock,{131150,5001}},
           {context_switches,{152324,0}},
           {garbage_collection,{35813,187039987,0}},
           {io,{{input,21971609},{output,10292938}}},
           {reductions,{89741594,1724549}},
           {run_queue,0},
           {runtime,{20170,330}},
           {run_queues,{0,0,0,0}}]},
      {system_stats,
          [{cpu_utilization_rate,9.736842105263158},
           {swap_total,1073737728},
           {swap_used,0},
           {mem_total,8360677376},
           {mem_free,4863373312}]},
      {interesting_stats,
          [{cmd_get,0.0},
           {couch_docs_actual_disk_size,10591098},
           {couch_docs_data_size,4262068},
           {couch_spatial_data_size,0},
           {couch_spatial_disk_size,0},
           {couch_views_actual_disk_size,0},
           {couch_views_data_size,0},
           {curr_items,4},
           {curr_items_tot,4},
           {ep_bg_fetched,0.0},
           {get_hits,0.0},
           {mem_used,25650456},
           {ops,0.0},
           {vb_active_num_non_resident,0},
           {vb_replica_curr_items,0}]},
      {per_bucket_interesting_stats,
          [{"main-bucket",
            [{cmd_get,0.0},
             {couch_docs_actual_disk_size,10591098},
             {couch_docs_data_size,4262068},
             {couch_spatial_data_size,0},
             {couch_spatial_disk_size,0},
             {couch_views_actual_disk_size,0},
             {couch_views_data_size,0},
             {curr_items,4},
             {curr_items_tot,4},
             {ep_bg_fetched,0.0},
             {get_hits,0.0},
             {mem_used,25650456},
             {ops,0.0},
             {vb_active_num_non_resident,0},
             {vb_replica_curr_items,0}]}]},
      {processes_stats,
          [{<<"sigar_port/mem_size">>,8826880},
           {<<"sigar_port/mem_resident">>,827392},
           {<<"sigar_port/major_faults_raw">>,0},
           {<<"sigar_port/cpu_utilization">>,0},
           {<<"saslauthd-port/mem_size">>,40493056},
           {<<"saslauthd-port/mem_resident">>,6131712},
           {<<"saslauthd-port/major_faults_raw">>,0},
           {<<"saslauthd-port/cpu_utilization">>,0},
           {<<"projector/mem_size">>,519979008},
           {<<"projector/mem_resident">>,81235968},
           {<<"projector/major_faults_raw">>,0},
           {<<"projector/cpu_utilization">>,5},
           {<<"ns_server/mem_size">>,1682632704},
           {<<"ns_server/mem_resident">>,138518528},
           {<<"ns_server/major_faults_raw">>,0},
           {<<"ns_server/cpu_utilization">>,8},
           {<<"memcached/mem_size">>,1820151808},
           {<<"memcached/mem_resident">>,307408896},
           {<<"memcached/major_faults_raw">>,9},
           {<<"memcached/cpu_utilization">>,6},
           {<<"indexer/mem_size">>,1293697024},
           {<<"indexer/mem_resident">>,100356096},
           {<<"indexer/major_faults_raw">>,0},
           {<<"indexer/cpu_utilization">>,16},
           {<<"goxdcr/mem_size">>,216408064},
           {<<"goxdcr/mem_resident">>,12156928},
           {<<"goxdcr/major_faults_raw">>,0},
           {<<"goxdcr/cpu_utilization">>,1},
           {<<"goport/mem_size">>,30904320},
           {<<"goport/mem_resident">>,12517376},
           {<<"goport/major_faults_raw">>,0},
           {<<"goport/cpu_utilization">>,0},
           {<<"godu/mem_size">>,13365248},
           {<<"godu/mem_resident">>,7417856},
           {<<"godu/major_faults_raw">>,0},
           {<<"godu/cpu_utilization">>,0},
           {<<"couchdb/mem_size">>,1182498816},
           {<<"couchdb/mem_resident">>,102948864},
           {<<"couchdb/major_faults_raw">>,0},
           {<<"couchdb/cpu_utilization">>,1},
           {<<"cbq-engine/mem_size">>,359927808},
           {<<"cbq-engine/mem_resident">>,35360768},
           {<<"cbq-engine/major_faults_raw">>,0},
           {<<"cbq-engine/cpu_utilization">>,1},
           {<<"babysitter/mem_size">>,1416732672},
           {<<"babysitter/mem_resident">>,81817600},
           {<<"babysitter/major_faults_raw">>,0},
           {<<"babysitter/cpu_utilization">>,0}]},
      {cluster_compatibility_version,393216},
      {version,
          [{lhttpc,"1.3.0"},
           {os_mon,"2.2.14"},
           {public_key,"0.21"},
           {asn1,"2.0.4"},
           {kernel,"2.16.4"},
           {ale,"6.0.0-1693-community"},
           {inets,"5.9.8"},
           {ns_server,"6.0.0-1693-community"},
           {crypto,"3.2"},
           {ssl,"5.3.3"},
           {sasl,"2.3.4"},
           {stdlib,"1.19.4"}]},
      {supported_compat_version,[6,0]},
      {advertised_version,[6,0,0]},
      {system_arch,"x86_64-unknown-linux-gnu"},
      {wall_clock,131},
      {memory_data,{8360677376,8057143296,{<0.157.0>,3147240}}},
      {disk_data,
          [{"/",61255492,18},
           {"/dev",65536,0},
           {"/sys/fs/cgroup",4082360,0},
           {"/etc/resolv.conf",61255492,18},
           {"/etc/hostname",61255492,18},
           {"/etc/hosts",61255492,18},
           {"/dev/shm",65536,0},
           {"/opt/couchbase/var",488347692,92},
           {"/proc/acpi",4082360,0},
           {"/proc/kcore",65536,0},
           {"/proc/keys",65536,0},
           {"/proc/timer_list",65536,0},
           {"/proc/sched_debug",65536,0},
           {"/sys/firmware",4082360,0}]},
      {meminfo,
          <<"MemTotal:        8164724 kB\nMemFree:          288204 kB\nMemAvailable:    4686312 kB\nBuffers:          970568 kB\nCached:          3490616 kB\nSwapCached:            0 kB\nActive:          4409332 kB\nInactive:        3089696 kB\nActive(anon):    2927320 kB\nInactive(anon):   111956 kB\nActive(file):    1482012 kB\nInactive(file):  2977740 kB\nUnevictable:           0 kB\nMlocked:               0 kB\nSwapTotal:       1048572 kB\nSwapFree:        1048572 kB\nDirty:                72 kB\nWriteback:             0 kB\nAnonPages:       3026876 kB\nMapped:           350660 kB\nShmem:              1436 kB\nSlab:             294684 kB\nSReclaimable:     244284 kB\nSUnreclaim:        50400 kB\nKernelStack:       17344 kB\nPageTables:        13908 kB\nNFS_Unstable:          0 kB\nBounce:                0 kB\nWritebackTmp:          0 kB\nCommitLimit:     5130932 kB\nCommitted_AS:    5215948 kB\nVmallocTotal:   34359738367 kB\nVmallocUsed:           0 kB\nVmallocChunk:          0 kB\nAnonHugePages:         0 kB\nShmemHugePages:        0 kB\nShmemPmdMapped:        0 kB\nHugePages_Total:       0\nHugePages_Free:        0\nHugePages_Rsvd:        0\nHugePages_Surp:        0\nHugepagesize:       2048 kB\nDirectMap4k:      148908 kB\nDirectMap2M:     7190528 kB\nDirectMap1G:     3145728 kB\n">>}]}]
